<?xml version="1.0" encoding="UTF-8" standalone="no"?>
<!DOCTYPE log SYSTEM "logger.dtd">
<log>
<record>
  <date>2019-06-10T12:39:06</date>
  <millis>1560155946679</millis>
  <sequence>0</sequence>
  <level>START</level>
  <class>com.kms.katalon.core.logging.XmlKeywordLogger</class>
  <method>startSuite</method>
  <thread>1</thread>
  <message>Start Test Suite : Test Suites/insregistration</message>
  <nestedLevel>0</nestedLevel>
  <property name="name">insregistration</property>
  <property name="description"></property>
  <property name="id">Test Suites/insregistration</property>
</record>
<record>
  <date>2019-06-10T12:39:06</date>
  <millis>1560155946704</millis>
  <sequence>1</sequence>
  <level>RUN_DATA</level>
  <class>com.kms.katalon.core.logging.XmlKeywordLogger</class>
  <method>logMessage</method>
  <thread>1</thread>
  <message>hostName = DELL - DESKTOP-6QK8RF8</message>
  <nestedLevel>0</nestedLevel>
  <property name="hostName">DELL - DESKTOP-6QK8RF8</property>
</record>
<record>
  <date>2019-06-10T12:39:06</date>
  <millis>1560155946706</millis>
  <sequence>2</sequence>
  <level>RUN_DATA</level>
  <class>com.kms.katalon.core.logging.XmlKeywordLogger</class>
  <method>logMessage</method>
  <thread>1</thread>
  <message>os = Windows 10 64bit</message>
  <nestedLevel>0</nestedLevel>
  <property name="os">Windows 10 64bit</property>
</record>
<record>
  <date>2019-06-10T12:39:06</date>
  <millis>1560155946707</millis>
  <sequence>3</sequence>
  <level>RUN_DATA</level>
  <class>com.kms.katalon.core.logging.XmlKeywordLogger</class>
  <method>logMessage</method>
  <thread>1</thread>
  <message>hostAddress = 192.168.56.1</message>
  <nestedLevel>0</nestedLevel>
  <property name="hostAddress">192.168.56.1</property>
</record>
<record>
  <date>2019-06-10T12:39:06</date>
  <millis>1560155946716</millis>
  <sequence>4</sequence>
  <level>RUN_DATA</level>
  <class>com.kms.katalon.core.logging.XmlKeywordLogger</class>
  <method>logMessage</method>
  <thread>1</thread>
  <message>katalonVersion = 6.0.5.4</message>
  <nestedLevel>0</nestedLevel>
  <property name="katalonVersion">6.0.5.4</property>
</record>
<record>
  <date>2019-06-10T12:39:06</date>
  <millis>1560155946985</millis>
  <sequence>5</sequence>
  <level>START</level>
  <class>com.kms.katalon.core.logging.XmlKeywordLogger</class>
  <method>startTest</method>
  <thread>1</thread>
  <message>Start Test Case : Test Cases/insregistration</message>
  <nestedLevel>1</nestedLevel>
  <property name="name">Test Cases/insregistration</property>
  <property name="description"></property>
  <property name="id">Test Cases/insregistration</property>
  <property name="source">E:\\katalon\\damasproject\\Test Cases\\insregistration.tc</property>
  <property name="isOptional">false</property>
</record>
<record>
  <date>2019-06-10T12:39:07</date>
  <millis>1560155947033</millis>
  <sequence>7</sequence>
  <level>INFO</level>
  <class>com.kms.katalon.core.logging.XmlKeywordLogger</class>
  <method>logMessage</method>
  <thread>1</thread>
  <message>username = Admin</message>
  <nestedLevel>1</nestedLevel>
</record>
<record>
  <date>2019-06-10T12:39:07</date>
  <millis>1560155947034</millis>
  <sequence>8</sequence>
  <level>INFO</level>
  <class>com.kms.katalon.core.logging.XmlKeywordLogger</class>
  <method>logMessage</method>
  <thread>1</thread>
  <message>password = 12345</message>
  <nestedLevel>1</nestedLevel>
</record>
<record>
  <date>2019-06-10T12:39:07</date>
  <millis>1560155947034</millis>
  <sequence>9</sequence>
  <level>INFO</level>
  <class>com.kms.katalon.core.logging.XmlKeywordLogger</class>
  <method>logMessage</method>
  <thread>1</thread>
  <message>patientname = 2Auto16</message>
  <nestedLevel>1</nestedLevel>
</record>
<record>
  <date>2019-06-10T12:39:07</date>
  <millis>1560155947034</millis>
  <sequence>10</sequence>
  <level>INFO</level>
  <class>com.kms.katalon.core.logging.XmlKeywordLogger</class>
  <method>logMessage</method>
  <thread>1</thread>
  <message>mobile = 5054751199</message>
  <nestedLevel>1</nestedLevel>
</record>
<record>
  <date>2019-06-10T12:39:07</date>
  <millis>1560155947034</millis>
  <sequence>11</sequence>
  <level>INFO</level>
  <class>com.kms.katalon.core.logging.XmlKeywordLogger</class>
  <method>logMessage</method>
  <thread>1</thread>
  <message>residenceid = 111-1111-1111111-1</message>
  <nestedLevel>1</nestedLevel>
</record>
<record>
  <date>2019-06-10T12:39:07</date>
  <millis>1560155947481</millis>
  <sequence>12</sequence>
  <level>START</level>
  <class>com.kms.katalon.core.logging.XmlKeywordLogger</class>
  <method>startKeyword</method>
  <thread>1</thread>
  <message>Start action : openBrowser(\&amp;quot;\&amp;quot;)</message>
  <nestedLevel>1</nestedLevel>
  <property name="startLine">16</property>
  <property name="stepIndex">1</property>
</record>
<record>
  <date>2019-06-10T12:39:07</date>
  <millis>1560155947707</millis>
  <sequence>14</sequence>
  <level>INFO</level>
  <class>com.kms.katalon.core.logging.XmlKeywordLogger</class>
  <method>logMessage</method>
  <thread>1</thread>
  <message>Starting &amp;apos;Firefox&amp;apos; driver</message>
  <nestedLevel>1</nestedLevel>
</record>
<record>
  <date>2019-06-10T12:39:07</date>
  <millis>1560155947785</millis>
  <sequence>15</sequence>
  <level>INFO</level>
  <class>com.kms.katalon.core.logging.XmlKeywordLogger</class>
  <method>logMessage</method>
  <thread>1</thread>
  <message>Action delay is set to 0 seconds</message>
  <nestedLevel>1</nestedLevel>
</record>
<record>
  <date>2019-06-10T12:39:15</date>
  <millis>1560155955590</millis>
  <sequence>17</sequence>
  <level>RUN_DATA</level>
  <class>com.kms.katalon.core.logging.XmlKeywordLogger</class>
  <method>logMessage</method>
  <thread>1</thread>
  <message>sessionId = 1f0cbf4e-fd33-4460-8a80-212791e66ee7</message>
  <nestedLevel>1</nestedLevel>
  <property name="sessionId">1f0cbf4e-fd33-4460-8a80-212791e66ee7</property>
</record>
<record>
  <date>2019-06-10T12:39:15</date>
  <millis>1560155955607</millis>
  <sequence>18</sequence>
  <level>RUN_DATA</level>
  <class>com.kms.katalon.core.logging.XmlKeywordLogger</class>
  <method>logMessage</method>
  <thread>1</thread>
  <message>browser = Firefox 64.0</message>
  <nestedLevel>1</nestedLevel>
  <property name="browser">Firefox 64.0</property>
</record>
<record>
  <date>2019-06-10T12:39:15</date>
  <millis>1560155955608</millis>
  <sequence>19</sequence>
  <level>RUN_DATA</level>
  <class>com.kms.katalon.core.logging.XmlKeywordLogger</class>
  <method>logMessage</method>
  <thread>1</thread>
  <message>platform = Windows 10</message>
  <nestedLevel>1</nestedLevel>
  <property name="platform">Windows 10</property>
</record>
<record>
  <date>2019-06-10T12:39:15</date>
  <millis>1560155955611</millis>
  <sequence>20</sequence>
  <level>RUN_DATA</level>
  <class>com.kms.katalon.core.logging.XmlKeywordLogger</class>
  <method>logMessage</method>
  <thread>1</thread>
  <message>seleniumVersion = 3.7.1</message>
  <nestedLevel>1</nestedLevel>
  <property name="seleniumVersion">3.7.1</property>
</record>
<record>
  <date>2019-06-10T12:39:15</date>
  <millis>1560155955613</millis>
  <sequence>21</sequence>
  <level>RUN_DATA</level>
  <class>com.kms.katalon.core.logging.XmlKeywordLogger</class>
  <method>logMessage</method>
  <thread>1</thread>
  <message>proxyInformation = ProxyInformation{proxyOption=NO_PROXY, proxyServerType=HTTP, password=, proxyServerAddress=, proxyServerPort=0}</message>
  <nestedLevel>1</nestedLevel>
  <property name="proxyInformation">ProxyInformation{proxyOption=NO_PROXY, proxyServerType=HTTP, password=, proxyServerAddress=, proxyServerPort=0}</property>
</record>
<record>
  <date>2019-06-10T12:39:15</date>
  <millis>1560155955614</millis>
  <sequence>22</sequence>
  <level>PASSED</level>
  <class>com.kms.katalon.core.logging.XmlKeywordLogger</class>
  <method>logMessage</method>
  <thread>1</thread>
  <message>Browser is opened with url: &amp;apos;&amp;apos;</message>
  <nestedLevel>1</nestedLevel>
</record>
<record>
  <date>2019-06-10T12:39:15</date>
  <millis>1560155955615</millis>
  <sequence>23</sequence>
  <level>END</level>
  <class>com.kms.katalon.core.logging.XmlKeywordLogger</class>
  <method>endKeyword</method>
  <thread>1</thread>
  <message>End action : openBrowser(\&amp;quot;\&amp;quot;)</message>
  <nestedLevel>1</nestedLevel>
</record>
<record>
  <date>2019-06-10T12:39:15</date>
  <millis>1560155955616</millis>
  <sequence>24</sequence>
  <level>START</level>
  <class>com.kms.katalon.core.logging.XmlKeywordLogger</class>
  <method>startKeyword</method>
  <thread>1</thread>
  <message>Start action : navigateToUrl(\&amp;quot;http://localhost:8090/eclinic/\&amp;quot;)</message>
  <nestedLevel>1</nestedLevel>
  <property name="startLine">18</property>
  <property name="stepIndex">2</property>
</record>
<record>
  <date>2019-06-10T12:39:16</date>
  <millis>1560155956169</millis>
  <sequence>27</sequence>
  <level>PASSED</level>
  <class>com.kms.katalon.core.logging.XmlKeywordLogger</class>
  <method>logMessage</method>
  <thread>1</thread>
  <message>Navigate to &amp;apos;http://localhost:8090/eclinic/&amp;apos; successfully</message>
  <nestedLevel>1</nestedLevel>
</record>
<record>
  <date>2019-06-10T12:39:16</date>
  <millis>1560155956170</millis>
  <sequence>28</sequence>
  <level>END</level>
  <class>com.kms.katalon.core.logging.XmlKeywordLogger</class>
  <method>endKeyword</method>
  <thread>1</thread>
  <message>End action : navigateToUrl(\&amp;quot;http://localhost:8090/eclinic/\&amp;quot;)</message>
  <nestedLevel>1</nestedLevel>
</record>
<record>
  <date>2019-06-10T12:39:16</date>
  <millis>1560155956171</millis>
  <sequence>29</sequence>
  <level>START</level>
  <class>com.kms.katalon.core.logging.XmlKeywordLogger</class>
  <method>startKeyword</method>
  <thread>1</thread>
  <message>Start action : delay(5)</message>
  <nestedLevel>1</nestedLevel>
  <property name="startLine">20</property>
  <property name="stepIndex">3</property>
</record>
<record>
  <date>2019-06-10T12:39:21</date>
  <millis>1560155961223</millis>
  <sequence>31</sequence>
  <level>PASSED</level>
  <class>com.kms.katalon.core.logging.XmlKeywordLogger</class>
  <method>logMessage</method>
  <thread>1</thread>
  <message>Delayed 5 second(s)</message>
  <nestedLevel>1</nestedLevel>
</record>
<record>
  <date>2019-06-10T12:39:21</date>
  <millis>1560155961225</millis>
  <sequence>32</sequence>
  <level>END</level>
  <class>com.kms.katalon.core.logging.XmlKeywordLogger</class>
  <method>endKeyword</method>
  <thread>1</thread>
  <message>End action : delay(5)</message>
  <nestedLevel>1</nestedLevel>
</record>
<record>
  <date>2019-06-10T12:39:21</date>
  <millis>1560155961226</millis>
  <sequence>33</sequence>
  <level>START</level>
  <class>com.kms.katalon.core.logging.XmlKeywordLogger</class>
  <method>startKeyword</method>
  <thread>1</thread>
  <message>Start action : setText(findTestObject(\&amp;quot;Components/logins/input_MEDAS HIS_user_name\&amp;quot;), username)</message>
  <nestedLevel>1</nestedLevel>
  <property name="startLine">22</property>
  <property name="stepIndex">4</property>
</record>
<record>
  <date>2019-06-10T12:39:21</date>
  <millis>1560155961440</millis>
  <sequence>45</sequence>
  <level>PASSED</level>
  <class>com.kms.katalon.core.logging.XmlKeywordLogger</class>
  <method>logMessage</method>
  <thread>1</thread>
  <message>Text &amp;apos;Admin&amp;apos; is set on object &amp;apos;Object Repository/Components/logins/input_MEDAS HIS_user_name&amp;apos;</message>
  <nestedLevel>1</nestedLevel>
</record>
<record>
  <date>2019-06-10T12:39:21</date>
  <millis>1560155961441</millis>
  <sequence>46</sequence>
  <level>END</level>
  <class>com.kms.katalon.core.logging.XmlKeywordLogger</class>
  <method>endKeyword</method>
  <thread>1</thread>
  <message>End action : setText(findTestObject(\&amp;quot;Components/logins/input_MEDAS HIS_user_name\&amp;quot;), username)</message>
  <nestedLevel>1</nestedLevel>
</record>
<record>
  <date>2019-06-10T12:39:21</date>
  <millis>1560155961441</millis>
  <sequence>47</sequence>
  <level>START</level>
  <class>com.kms.katalon.core.logging.XmlKeywordLogger</class>
  <method>startKeyword</method>
  <thread>1</thread>
  <message>Start action : setText(findTestObject(\&amp;quot;Components/logins/input_MEDAS HIS_user_password\&amp;quot;), password)</message>
  <nestedLevel>1</nestedLevel>
  <property name="startLine">24</property>
  <property name="stepIndex">5</property>
</record>
<record>
  <date>2019-06-10T12:39:21</date>
  <millis>1560155961596</millis>
  <sequence>59</sequence>
  <level>PASSED</level>
  <class>com.kms.katalon.core.logging.XmlKeywordLogger</class>
  <method>logMessage</method>
  <thread>1</thread>
  <message>Text &amp;apos;12345&amp;apos; is set on object &amp;apos;Object Repository/Components/logins/input_MEDAS HIS_user_password&amp;apos;</message>
  <nestedLevel>1</nestedLevel>
</record>
<record>
  <date>2019-06-10T12:39:21</date>
  <millis>1560155961597</millis>
  <sequence>60</sequence>
  <level>END</level>
  <class>com.kms.katalon.core.logging.XmlKeywordLogger</class>
  <method>endKeyword</method>
  <thread>1</thread>
  <message>End action : setText(findTestObject(\&amp;quot;Components/logins/input_MEDAS HIS_user_password\&amp;quot;), password)</message>
  <nestedLevel>1</nestedLevel>
</record>
<record>
  <date>2019-06-10T12:39:21</date>
  <millis>1560155961598</millis>
  <sequence>61</sequence>
  <level>START</level>
  <class>com.kms.katalon.core.logging.XmlKeywordLogger</class>
  <method>startKeyword</method>
  <thread>1</thread>
  <message>Start action : click(findTestObject(\&amp;quot;Components/Buttons/login\&amp;quot;))</message>
  <nestedLevel>1</nestedLevel>
  <property name="startLine">26</property>
  <property name="stepIndex">6</property>
</record>
<record>
  <date>2019-06-10T12:39:22</date>
  <millis>1560155962561</millis>
  <sequence>68</sequence>
  <level>PASSED</level>
  <class>com.kms.katalon.core.logging.XmlKeywordLogger</class>
  <method>logMessage</method>
  <thread>1</thread>
  <message>Object: &amp;apos;Object Repository/Components/Buttons/login&amp;apos; is clicked on</message>
  <nestedLevel>1</nestedLevel>
</record>
<record>
  <date>2019-06-10T12:39:22</date>
  <millis>1560155962562</millis>
  <sequence>69</sequence>
  <level>END</level>
  <class>com.kms.katalon.core.logging.XmlKeywordLogger</class>
  <method>endKeyword</method>
  <thread>1</thread>
  <message>End action : click(findTestObject(\&amp;quot;Components/Buttons/login\&amp;quot;))</message>
  <nestedLevel>1</nestedLevel>
</record>
<record>
  <date>2019-06-10T12:39:22</date>
  <millis>1560155962562</millis>
  <sequence>70</sequence>
  <level>START</level>
  <class>com.kms.katalon.core.logging.XmlKeywordLogger</class>
  <method>startKeyword</method>
  <thread>1</thread>
  <message>Start action : click(findTestObject(\&amp;quot;cashregister/Page_eClinicUserAdministrator/officeselection\&amp;quot;))</message>
  <nestedLevel>1</nestedLevel>
  <property name="startLine">28</property>
  <property name="stepIndex">7</property>
</record>
<record>
  <date>2019-06-10T12:39:22</date>
  <millis>1560155962873</millis>
  <sequence>77</sequence>
  <level>PASSED</level>
  <class>com.kms.katalon.core.logging.XmlKeywordLogger</class>
  <method>logMessage</method>
  <thread>1</thread>
  <message>Object: &amp;apos;Object Repository/cashregister/Page_eClinicUserAdministrator/officeselection&amp;apos; is clicked on</message>
  <nestedLevel>1</nestedLevel>
</record>
<record>
  <date>2019-06-10T12:39:22</date>
  <millis>1560155962875</millis>
  <sequence>78</sequence>
  <level>END</level>
  <class>com.kms.katalon.core.logging.XmlKeywordLogger</class>
  <method>endKeyword</method>
  <thread>1</thread>
  <message>End action : click(findTestObject(\&amp;quot;cashregister/Page_eClinicUserAdministrator/officeselection\&amp;quot;))</message>
  <nestedLevel>1</nestedLevel>
</record>
<record>
  <date>2019-06-10T12:39:22</date>
  <millis>1560155962875</millis>
  <sequence>79</sequence>
  <level>START</level>
  <class>com.kms.katalon.core.logging.XmlKeywordLogger</class>
  <method>startKeyword</method>
  <thread>1</thread>
  <message>Start action : click(findTestObject(\&amp;quot;cashregister/Page_eClinicUserAdministrator/selectoffice\&amp;quot;))</message>
  <nestedLevel>1</nestedLevel>
  <property name="startLine">30</property>
  <property name="stepIndex">8</property>
</record>
<record>
  <date>2019-06-10T12:39:23</date>
  <millis>1560155963210</millis>
  <sequence>86</sequence>
  <level>PASSED</level>
  <class>com.kms.katalon.core.logging.XmlKeywordLogger</class>
  <method>logMessage</method>
  <thread>1</thread>
  <message>Object: &amp;apos;Object Repository/cashregister/Page_eClinicUserAdministrator/selectoffice&amp;apos; is clicked on</message>
  <nestedLevel>1</nestedLevel>
</record>
<record>
  <date>2019-06-10T12:39:23</date>
  <millis>1560155963212</millis>
  <sequence>87</sequence>
  <level>END</level>
  <class>com.kms.katalon.core.logging.XmlKeywordLogger</class>
  <method>endKeyword</method>
  <thread>1</thread>
  <message>End action : click(findTestObject(\&amp;quot;cashregister/Page_eClinicUserAdministrator/selectoffice\&amp;quot;))</message>
  <nestedLevel>1</nestedLevel>
</record>
<record>
  <date>2019-06-10T12:39:23</date>
  <millis>1560155963213</millis>
  <sequence>88</sequence>
  <level>START</level>
  <class>com.kms.katalon.core.logging.XmlKeywordLogger</class>
  <method>startKeyword</method>
  <thread>1</thread>
  <message>Start action : click(findTestObject(\&amp;quot;Components/Buttons/go\&amp;quot;))</message>
  <nestedLevel>1</nestedLevel>
  <property name="startLine">32</property>
  <property name="stepIndex">9</property>
</record>
<record>
  <date>2019-06-10T12:39:24</date>
  <millis>1560155964443</millis>
  <sequence>95</sequence>
  <level>PASSED</level>
  <class>com.kms.katalon.core.logging.XmlKeywordLogger</class>
  <method>logMessage</method>
  <thread>1</thread>
  <message>Object: &amp;apos;Object Repository/Components/Buttons/go&amp;apos; is clicked on</message>
  <nestedLevel>1</nestedLevel>
</record>
<record>
  <date>2019-06-10T12:39:24</date>
  <millis>1560155964445</millis>
  <sequence>96</sequence>
  <level>END</level>
  <class>com.kms.katalon.core.logging.XmlKeywordLogger</class>
  <method>endKeyword</method>
  <thread>1</thread>
  <message>End action : click(findTestObject(\&amp;quot;Components/Buttons/go\&amp;quot;))</message>
  <nestedLevel>1</nestedLevel>
</record>
<record>
  <date>2019-06-10T12:39:24</date>
  <millis>1560155964445</millis>
  <sequence>97</sequence>
  <level>START</level>
  <class>com.kms.katalon.core.logging.XmlKeywordLogger</class>
  <method>startKeyword</method>
  <thread>1</thread>
  <message>Start action : click(findTestObject(\&amp;quot;cashregister/Page_eClinicUserAdministrator/Frontdesktab\&amp;quot;))</message>
  <nestedLevel>1</nestedLevel>
  <property name="startLine">34</property>
  <property name="stepIndex">10</property>
</record>
<record>
  <date>2019-06-10T12:39:26</date>
  <millis>1560155966378</millis>
  <sequence>104</sequence>
  <level>PASSED</level>
  <class>com.kms.katalon.core.logging.XmlKeywordLogger</class>
  <method>logMessage</method>
  <thread>1</thread>
  <message>Object: &amp;apos;Object Repository/cashregister/Page_eClinicUserAdministrator/Frontdesktab&amp;apos; is clicked on</message>
  <nestedLevel>1</nestedLevel>
</record>
<record>
  <date>2019-06-10T12:39:26</date>
  <millis>1560155966381</millis>
  <sequence>105</sequence>
  <level>END</level>
  <class>com.kms.katalon.core.logging.XmlKeywordLogger</class>
  <method>endKeyword</method>
  <thread>1</thread>
  <message>End action : click(findTestObject(\&amp;quot;cashregister/Page_eClinicUserAdministrator/Frontdesktab\&amp;quot;))</message>
  <nestedLevel>1</nestedLevel>
</record>
<record>
  <date>2019-06-10T12:39:26</date>
  <millis>1560155966382</millis>
  <sequence>106</sequence>
  <level>START</level>
  <class>com.kms.katalon.core.logging.XmlKeywordLogger</class>
  <method>startKeyword</method>
  <thread>1</thread>
  <message>Start action : delay(3)</message>
  <nestedLevel>1</nestedLevel>
  <property name="startLine">36</property>
  <property name="stepIndex">11</property>
</record>
<record>
  <date>2019-06-10T12:39:29</date>
  <millis>1560155969389</millis>
  <sequence>108</sequence>
  <level>PASSED</level>
  <class>com.kms.katalon.core.logging.XmlKeywordLogger</class>
  <method>logMessage</method>
  <thread>1</thread>
  <message>Delayed 3 second(s)</message>
  <nestedLevel>1</nestedLevel>
</record>
<record>
  <date>2019-06-10T12:39:29</date>
  <millis>1560155969390</millis>
  <sequence>109</sequence>
  <level>END</level>
  <class>com.kms.katalon.core.logging.XmlKeywordLogger</class>
  <method>endKeyword</method>
  <thread>1</thread>
  <message>End action : delay(3)</message>
  <nestedLevel>1</nestedLevel>
</record>
<record>
  <date>2019-06-10T12:39:29</date>
  <millis>1560155969391</millis>
  <sequence>110</sequence>
  <level>START</level>
  <class>com.kms.katalon.core.logging.XmlKeywordLogger</class>
  <method>startKeyword</method>
  <thread>1</thread>
  <message>Start action : click(findTestObject(\&amp;quot;cashregister/Page_eClinicUserAdministrator/registrationTab\&amp;quot;))</message>
  <nestedLevel>1</nestedLevel>
  <property name="startLine">38</property>
  <property name="stepIndex">12</property>
</record>
<record>
  <date>2019-06-10T12:39:31</date>
  <millis>1560155971088</millis>
  <sequence>117</sequence>
  <level>PASSED</level>
  <class>com.kms.katalon.core.logging.XmlKeywordLogger</class>
  <method>logMessage</method>
  <thread>1</thread>
  <message>Object: &amp;apos;Object Repository/cashregister/Page_eClinicUserAdministrator/registrationTab&amp;apos; is clicked on</message>
  <nestedLevel>1</nestedLevel>
</record>
<record>
  <date>2019-06-10T12:39:31</date>
  <millis>1560155971089</millis>
  <sequence>118</sequence>
  <level>END</level>
  <class>com.kms.katalon.core.logging.XmlKeywordLogger</class>
  <method>endKeyword</method>
  <thread>1</thread>
  <message>End action : click(findTestObject(\&amp;quot;cashregister/Page_eClinicUserAdministrator/registrationTab\&amp;quot;))</message>
  <nestedLevel>1</nestedLevel>
</record>
<record>
  <date>2019-06-10T12:39:31</date>
  <millis>1560155971089</millis>
  <sequence>119</sequence>
  <level>START</level>
  <class>com.kms.katalon.core.logging.XmlKeywordLogger</class>
  <method>startKeyword</method>
  <thread>1</thread>
  <message>Start action : delay(3)</message>
  <nestedLevel>1</nestedLevel>
  <property name="startLine">40</property>
  <property name="stepIndex">13</property>
</record>
<record>
  <date>2019-06-10T12:39:34</date>
  <millis>1560155974093</millis>
  <sequence>121</sequence>
  <level>PASSED</level>
  <class>com.kms.katalon.core.logging.XmlKeywordLogger</class>
  <method>logMessage</method>
  <thread>1</thread>
  <message>Delayed 3 second(s)</message>
  <nestedLevel>1</nestedLevel>
</record>
<record>
  <date>2019-06-10T12:39:34</date>
  <millis>1560155974095</millis>
  <sequence>122</sequence>
  <level>END</level>
  <class>com.kms.katalon.core.logging.XmlKeywordLogger</class>
  <method>endKeyword</method>
  <thread>1</thread>
  <message>End action : delay(3)</message>
  <nestedLevel>1</nestedLevel>
</record>
<record>
  <date>2019-06-10T12:39:34</date>
  <millis>1560155974096</millis>
  <sequence>123</sequence>
  <level>START</level>
  <class>com.kms.katalon.core.logging.XmlKeywordLogger</class>
  <method>startKeyword</method>
  <thread>1</thread>
  <message>Start action : click(findTestObject(\&amp;quot;cashregister/Page_eClinicUserAdministrator/ReferralSelectionClick\&amp;quot;))</message>
  <nestedLevel>1</nestedLevel>
  <property name="startLine">42</property>
  <property name="stepIndex">14</property>
</record>
<record>
  <date>2019-06-10T12:39:34</date>
  <millis>1560155974429</millis>
  <sequence>130</sequence>
  <level>PASSED</level>
  <class>com.kms.katalon.core.logging.XmlKeywordLogger</class>
  <method>logMessage</method>
  <thread>1</thread>
  <message>Object: &amp;apos;Object Repository/cashregister/Page_eClinicUserAdministrator/ReferralSelectionClick&amp;apos; is clicked on</message>
  <nestedLevel>1</nestedLevel>
</record>
<record>
  <date>2019-06-10T12:39:34</date>
  <millis>1560155974431</millis>
  <sequence>131</sequence>
  <level>END</level>
  <class>com.kms.katalon.core.logging.XmlKeywordLogger</class>
  <method>endKeyword</method>
  <thread>1</thread>
  <message>End action : click(findTestObject(\&amp;quot;cashregister/Page_eClinicUserAdministrator/ReferralSelectionClick\&amp;quot;))</message>
  <nestedLevel>1</nestedLevel>
</record>
<record>
  <date>2019-06-10T12:39:34</date>
  <millis>1560155974431</millis>
  <sequence>132</sequence>
  <level>START</level>
  <class>com.kms.katalon.core.logging.XmlKeywordLogger</class>
  <method>startKeyword</method>
  <thread>1</thread>
  <message>Start action : click(findTestObject(\&amp;quot;cashregister/Page_eClinicUserAdministrator/ReferralSelected\&amp;quot;))</message>
  <nestedLevel>1</nestedLevel>
  <property name="startLine">44</property>
  <property name="stepIndex">15</property>
</record>
<record>
  <date>2019-06-10T12:39:34</date>
  <millis>1560155974791</millis>
  <sequence>139</sequence>
  <level>PASSED</level>
  <class>com.kms.katalon.core.logging.XmlKeywordLogger</class>
  <method>logMessage</method>
  <thread>1</thread>
  <message>Object: &amp;apos;Object Repository/cashregister/Page_eClinicUserAdministrator/ReferralSelected&amp;apos; is clicked on</message>
  <nestedLevel>1</nestedLevel>
</record>
<record>
  <date>2019-06-10T12:39:34</date>
  <millis>1560155974795</millis>
  <sequence>140</sequence>
  <level>END</level>
  <class>com.kms.katalon.core.logging.XmlKeywordLogger</class>
  <method>endKeyword</method>
  <thread>1</thread>
  <message>End action : click(findTestObject(\&amp;quot;cashregister/Page_eClinicUserAdministrator/ReferralSelected\&amp;quot;))</message>
  <nestedLevel>1</nestedLevel>
</record>
<record>
  <date>2019-06-10T12:39:34</date>
  <millis>1560155974795</millis>
  <sequence>141</sequence>
  <level>START</level>
  <class>com.kms.katalon.core.logging.XmlKeywordLogger</class>
  <method>startKeyword</method>
  <thread>1</thread>
  <message>Start action : click(findTestObject(\&amp;quot;cashregister/Page_eClinicUserAdministrator/ConsultationSelectionClick\&amp;quot;))</message>
  <nestedLevel>1</nestedLevel>
  <property name="startLine">46</property>
  <property name="stepIndex">16</property>
</record>
<record>
  <date>2019-06-10T12:39:35</date>
  <millis>1560155975139</millis>
  <sequence>148</sequence>
  <level>PASSED</level>
  <class>com.kms.katalon.core.logging.XmlKeywordLogger</class>
  <method>logMessage</method>
  <thread>1</thread>
  <message>Object: &amp;apos;Object Repository/cashregister/Page_eClinicUserAdministrator/ConsultationSelectionClick&amp;apos; is clicked on</message>
  <nestedLevel>1</nestedLevel>
</record>
<record>
  <date>2019-06-10T12:39:35</date>
  <millis>1560155975142</millis>
  <sequence>149</sequence>
  <level>END</level>
  <class>com.kms.katalon.core.logging.XmlKeywordLogger</class>
  <method>endKeyword</method>
  <thread>1</thread>
  <message>End action : click(findTestObject(\&amp;quot;cashregister/Page_eClinicUserAdministrator/ConsultationSelectionClick\&amp;quot;))</message>
  <nestedLevel>1</nestedLevel>
</record>
<record>
  <date>2019-06-10T12:39:35</date>
  <millis>1560155975143</millis>
  <sequence>150</sequence>
  <level>START</level>
  <class>com.kms.katalon.core.logging.XmlKeywordLogger</class>
  <method>startKeyword</method>
  <thread>1</thread>
  <message>Start action : click(findTestObject(\&amp;quot;cashregister/Page_eClinicUserAdministrator/ConsultationSelected\&amp;quot;))</message>
  <nestedLevel>1</nestedLevel>
  <property name="startLine">48</property>
  <property name="stepIndex">17</property>
</record>
<record>
  <date>2019-06-10T12:39:35</date>
  <millis>1560155975420</millis>
  <sequence>157</sequence>
  <level>PASSED</level>
  <class>com.kms.katalon.core.logging.XmlKeywordLogger</class>
  <method>logMessage</method>
  <thread>1</thread>
  <message>Object: &amp;apos;Object Repository/cashregister/Page_eClinicUserAdministrator/ConsultationSelected&amp;apos; is clicked on</message>
  <nestedLevel>1</nestedLevel>
</record>
<record>
  <date>2019-06-10T12:39:35</date>
  <millis>1560155975422</millis>
  <sequence>158</sequence>
  <level>END</level>
  <class>com.kms.katalon.core.logging.XmlKeywordLogger</class>
  <method>endKeyword</method>
  <thread>1</thread>
  <message>End action : click(findTestObject(\&amp;quot;cashregister/Page_eClinicUserAdministrator/ConsultationSelected\&amp;quot;))</message>
  <nestedLevel>1</nestedLevel>
</record>
<record>
  <date>2019-06-10T12:39:35</date>
  <millis>1560155975422</millis>
  <sequence>159</sequence>
  <level>START</level>
  <class>com.kms.katalon.core.logging.XmlKeywordLogger</class>
  <method>startKeyword</method>
  <thread>1</thread>
  <message>Start action : click(findTestObject(\&amp;quot;cashregister/Page_eClinicUserAdministrator/AlreadyGenerated\&amp;quot;))</message>
  <nestedLevel>1</nestedLevel>
  <property name="startLine">50</property>
  <property name="stepIndex">18</property>
</record>
<record>
  <date>2019-06-10T12:39:35</date>
  <millis>1560155975753</millis>
  <sequence>166</sequence>
  <level>PASSED</level>
  <class>com.kms.katalon.core.logging.XmlKeywordLogger</class>
  <method>logMessage</method>
  <thread>1</thread>
  <message>Object: &amp;apos;Object Repository/cashregister/Page_eClinicUserAdministrator/AlreadyGenerated&amp;apos; is clicked on</message>
  <nestedLevel>1</nestedLevel>
</record>
<record>
  <date>2019-06-10T12:39:35</date>
  <millis>1560155975756</millis>
  <sequence>167</sequence>
  <level>END</level>
  <class>com.kms.katalon.core.logging.XmlKeywordLogger</class>
  <method>endKeyword</method>
  <thread>1</thread>
  <message>End action : click(findTestObject(\&amp;quot;cashregister/Page_eClinicUserAdministrator/AlreadyGenerated\&amp;quot;))</message>
  <nestedLevel>1</nestedLevel>
</record>
<record>
  <date>2019-06-10T12:39:35</date>
  <millis>1560155975757</millis>
  <sequence>168</sequence>
  <level>START</level>
  <class>com.kms.katalon.core.logging.XmlKeywordLogger</class>
  <method>startKeyword</method>
  <thread>1</thread>
  <message>Start action : setText(findTestObject(\&amp;quot;cashregister/Page_eClinicUserAdministrator/PatientName\&amp;quot;), patientname)</message>
  <nestedLevel>1</nestedLevel>
  <property name="startLine">52</property>
  <property name="stepIndex">19</property>
</record>
<record>
  <date>2019-06-10T12:39:35</date>
  <millis>1560155975883</millis>
  <sequence>180</sequence>
  <level>PASSED</level>
  <class>com.kms.katalon.core.logging.XmlKeywordLogger</class>
  <method>logMessage</method>
  <thread>1</thread>
  <message>Text &amp;apos;2Auto16&amp;apos; is set on object &amp;apos;Object Repository/cashregister/Page_eClinicUserAdministrator/PatientName&amp;apos;</message>
  <nestedLevel>1</nestedLevel>
</record>
<record>
  <date>2019-06-10T12:39:35</date>
  <millis>1560155975883</millis>
  <sequence>181</sequence>
  <level>END</level>
  <class>com.kms.katalon.core.logging.XmlKeywordLogger</class>
  <method>endKeyword</method>
  <thread>1</thread>
  <message>End action : setText(findTestObject(\&amp;quot;cashregister/Page_eClinicUserAdministrator/PatientName\&amp;quot;), patientname)</message>
  <nestedLevel>1</nestedLevel>
</record>
<record>
  <date>2019-06-10T12:39:35</date>
  <millis>1560155975884</millis>
  <sequence>182</sequence>
  <level>START</level>
  <class>com.kms.katalon.core.logging.XmlKeywordLogger</class>
  <method>startKeyword</method>
  <thread>1</thread>
  <message>Start action : setText(findTestObject(\&amp;quot;cashregister/Page_eClinicUserAdministrator/DOB\&amp;quot;), \&amp;quot;11111985\&amp;quot;)</message>
  <nestedLevel>1</nestedLevel>
  <property name="startLine">54</property>
  <property name="stepIndex">20</property>
</record>
<record>
  <date>2019-06-10T12:39:35</date>
  <millis>1560155975958</millis>
  <sequence>194</sequence>
  <level>PASSED</level>
  <class>com.kms.katalon.core.logging.XmlKeywordLogger</class>
  <method>logMessage</method>
  <thread>1</thread>
  <message>Text &amp;apos;11111985&amp;apos; is set on object &amp;apos;Object Repository/cashregister/Page_eClinicUserAdministrator/DOB&amp;apos;</message>
  <nestedLevel>1</nestedLevel>
</record>
<record>
  <date>2019-06-10T12:39:35</date>
  <millis>1560155975959</millis>
  <sequence>195</sequence>
  <level>END</level>
  <class>com.kms.katalon.core.logging.XmlKeywordLogger</class>
  <method>endKeyword</method>
  <thread>1</thread>
  <message>End action : setText(findTestObject(\&amp;quot;cashregister/Page_eClinicUserAdministrator/DOB\&amp;quot;), \&amp;quot;11111985\&amp;quot;)</message>
  <nestedLevel>1</nestedLevel>
</record>
<record>
  <date>2019-06-10T12:39:35</date>
  <millis>1560155975959</millis>
  <sequence>196</sequence>
  <level>START</level>
  <class>com.kms.katalon.core.logging.XmlKeywordLogger</class>
  <method>startKeyword</method>
  <thread>1</thread>
  <message>Start action : click(findTestObject(\&amp;quot;cashregister/Page_eClinicUserAdministrator/GenderClick\&amp;quot;))</message>
  <nestedLevel>1</nestedLevel>
  <property name="startLine">56</property>
  <property name="stepIndex">21</property>
</record>
<record>
  <date>2019-06-10T12:39:36</date>
  <millis>1560155976224</millis>
  <sequence>203</sequence>
  <level>PASSED</level>
  <class>com.kms.katalon.core.logging.XmlKeywordLogger</class>
  <method>logMessage</method>
  <thread>1</thread>
  <message>Object: &amp;apos;Object Repository/cashregister/Page_eClinicUserAdministrator/GenderClick&amp;apos; is clicked on</message>
  <nestedLevel>1</nestedLevel>
</record>
<record>
  <date>2019-06-10T12:39:36</date>
  <millis>1560155976226</millis>
  <sequence>204</sequence>
  <level>END</level>
  <class>com.kms.katalon.core.logging.XmlKeywordLogger</class>
  <method>endKeyword</method>
  <thread>1</thread>
  <message>End action : click(findTestObject(\&amp;quot;cashregister/Page_eClinicUserAdministrator/GenderClick\&amp;quot;))</message>
  <nestedLevel>1</nestedLevel>
</record>
<record>
  <date>2019-06-10T12:39:36</date>
  <millis>1560155976228</millis>
  <sequence>205</sequence>
  <level>START</level>
  <class>com.kms.katalon.core.logging.XmlKeywordLogger</class>
  <method>startKeyword</method>
  <thread>1</thread>
  <message>Start action : selectOptionByValue(findTestObject(\&amp;quot;cashregister/Page_eClinicUserAdministrator/GenderSelected\&amp;quot;), \&amp;quot;Male\&amp;quot;, true)</message>
  <nestedLevel>1</nestedLevel>
  <property name="startLine">58</property>
  <property name="stepIndex">22</property>
</record>
<record>
  <date>2019-06-10T12:39:36</date>
  <millis>1560155976701</millis>
  <sequence>214</sequence>
  <level>PASSED</level>
  <class>com.kms.katalon.core.logging.XmlKeywordLogger</class>
  <method>logMessage</method>
  <thread>1</thread>
  <message>All options with value &amp;apos;Male&amp;apos; are selected in object &amp;apos;Object Repository/cashregister/Page_eClinicUserAdministrator/GenderSelected&amp;apos;  using regular expression</message>
  <nestedLevel>1</nestedLevel>
</record>
<record>
  <date>2019-06-10T12:39:36</date>
  <millis>1560155976702</millis>
  <sequence>215</sequence>
  <level>END</level>
  <class>com.kms.katalon.core.logging.XmlKeywordLogger</class>
  <method>endKeyword</method>
  <thread>1</thread>
  <message>End action : selectOptionByValue(findTestObject(\&amp;quot;cashregister/Page_eClinicUserAdministrator/GenderSelected\&amp;quot;), \&amp;quot;Male\&amp;quot;, true)</message>
  <nestedLevel>1</nestedLevel>
</record>
<record>
  <date>2019-06-10T12:39:36</date>
  <millis>1560155976703</millis>
  <sequence>216</sequence>
  <level>START</level>
  <class>com.kms.katalon.core.logging.XmlKeywordLogger</class>
  <method>startKeyword</method>
  <thread>1</thread>
  <message>Start action : selectOptionByValue(findTestObject(\&amp;quot;cashregister/Page_eClinicUserAdministrator/VisaTypeSelected\&amp;quot;), \&amp;quot;resident\&amp;quot;, true)</message>
  <nestedLevel>1</nestedLevel>
  <property name="startLine">60</property>
  <property name="stepIndex">23</property>
</record>
<record>
  <date>2019-06-10T12:39:37</date>
  <millis>1560155977265</millis>
  <sequence>225</sequence>
  <level>PASSED</level>
  <class>com.kms.katalon.core.logging.XmlKeywordLogger</class>
  <method>logMessage</method>
  <thread>1</thread>
  <message>All options with value &amp;apos;resident&amp;apos; are selected in object &amp;apos;Object Repository/cashregister/Page_eClinicUserAdministrator/VisaTypeSelected&amp;apos;  using regular expression</message>
  <nestedLevel>1</nestedLevel>
</record>
<record>
  <date>2019-06-10T12:39:37</date>
  <millis>1560155977266</millis>
  <sequence>226</sequence>
  <level>END</level>
  <class>com.kms.katalon.core.logging.XmlKeywordLogger</class>
  <method>endKeyword</method>
  <thread>1</thread>
  <message>End action : selectOptionByValue(findTestObject(\&amp;quot;cashregister/Page_eClinicUserAdministrator/VisaTypeSelected\&amp;quot;), \&amp;quot;resident\&amp;quot;, true)</message>
  <nestedLevel>1</nestedLevel>
</record>
<record>
  <date>2019-06-10T12:39:37</date>
  <millis>1560155977267</millis>
  <sequence>227</sequence>
  <level>START</level>
  <class>com.kms.katalon.core.logging.XmlKeywordLogger</class>
  <method>startKeyword</method>
  <thread>1</thread>
  <message>Start action : selectOptionByValue(findTestObject(\&amp;quot;cashregister/Page_eClinicUserAdministrator/Mobile1Ext\&amp;quot;), \&amp;quot;97155\&amp;quot;, true)</message>
  <nestedLevel>1</nestedLevel>
  <property name="startLine">62</property>
  <property name="stepIndex">24</property>
</record>
<record>
  <date>2019-06-10T12:39:38</date>
  <millis>1560155978232</millis>
  <sequence>236</sequence>
  <level>PASSED</level>
  <class>com.kms.katalon.core.logging.XmlKeywordLogger</class>
  <method>logMessage</method>
  <thread>1</thread>
  <message>All options with value &amp;apos;97155&amp;apos; are selected in object &amp;apos;Object Repository/cashregister/Page_eClinicUserAdministrator/Mobile1Ext&amp;apos;  using regular expression</message>
  <nestedLevel>1</nestedLevel>
</record>
<record>
  <date>2019-06-10T12:39:38</date>
  <millis>1560155978233</millis>
  <sequence>237</sequence>
  <level>END</level>
  <class>com.kms.katalon.core.logging.XmlKeywordLogger</class>
  <method>endKeyword</method>
  <thread>1</thread>
  <message>End action : selectOptionByValue(findTestObject(\&amp;quot;cashregister/Page_eClinicUserAdministrator/Mobile1Ext\&amp;quot;), \&amp;quot;97155\&amp;quot;, true)</message>
  <nestedLevel>1</nestedLevel>
</record>
<record>
  <date>2019-06-10T12:39:38</date>
  <millis>1560155978234</millis>
  <sequence>238</sequence>
  <level>START</level>
  <class>com.kms.katalon.core.logging.XmlKeywordLogger</class>
  <method>startKeyword</method>
  <thread>1</thread>
  <message>Start action : setText(findTestObject(\&amp;quot;cashregister/Page_eClinicUserAdministrator/MobilenumInserted\&amp;quot;), mobile)</message>
  <nestedLevel>1</nestedLevel>
  <property name="startLine">64</property>
  <property name="stepIndex">25</property>
</record>
<record>
  <date>2019-06-10T12:39:38</date>
  <millis>1560155978384</millis>
  <sequence>250</sequence>
  <level>PASSED</level>
  <class>com.kms.katalon.core.logging.XmlKeywordLogger</class>
  <method>logMessage</method>
  <thread>1</thread>
  <message>Text &amp;apos;5054751199&amp;apos; is set on object &amp;apos;Object Repository/cashregister/Page_eClinicUserAdministrator/MobilenumInserted&amp;apos;</message>
  <nestedLevel>1</nestedLevel>
</record>
<record>
  <date>2019-06-10T12:39:38</date>
  <millis>1560155978385</millis>
  <sequence>251</sequence>
  <level>END</level>
  <class>com.kms.katalon.core.logging.XmlKeywordLogger</class>
  <method>endKeyword</method>
  <thread>1</thread>
  <message>End action : setText(findTestObject(\&amp;quot;cashregister/Page_eClinicUserAdministrator/MobilenumInserted\&amp;quot;), mobile)</message>
  <nestedLevel>1</nestedLevel>
</record>
<record>
  <date>2019-06-10T12:39:38</date>
  <millis>1560155978386</millis>
  <sequence>252</sequence>
  <level>START</level>
  <class>com.kms.katalon.core.logging.XmlKeywordLogger</class>
  <method>startKeyword</method>
  <thread>1</thread>
  <message>Start action : click(findTestObject(\&amp;quot;cashregister/Page_eClinicUserAdministrator/Mobile2ExtClick\&amp;quot;))</message>
  <nestedLevel>1</nestedLevel>
  <property name="startLine">66</property>
  <property name="stepIndex">26</property>
</record>
<record>
  <date>2019-06-10T12:39:38</date>
  <millis>1560155978699</millis>
  <sequence>259</sequence>
  <level>PASSED</level>
  <class>com.kms.katalon.core.logging.XmlKeywordLogger</class>
  <method>logMessage</method>
  <thread>1</thread>
  <message>Object: &amp;apos;Object Repository/cashregister/Page_eClinicUserAdministrator/Mobile2ExtClick&amp;apos; is clicked on</message>
  <nestedLevel>1</nestedLevel>
</record>
<record>
  <date>2019-06-10T12:39:38</date>
  <millis>1560155978700</millis>
  <sequence>260</sequence>
  <level>END</level>
  <class>com.kms.katalon.core.logging.XmlKeywordLogger</class>
  <method>endKeyword</method>
  <thread>1</thread>
  <message>End action : click(findTestObject(\&amp;quot;cashregister/Page_eClinicUserAdministrator/Mobile2ExtClick\&amp;quot;))</message>
  <nestedLevel>1</nestedLevel>
</record>
<record>
  <date>2019-06-10T12:39:38</date>
  <millis>1560155978701</millis>
  <sequence>261</sequence>
  <level>START</level>
  <class>com.kms.katalon.core.logging.XmlKeywordLogger</class>
  <method>startKeyword</method>
  <thread>1</thread>
  <message>Start action : click(findTestObject(\&amp;quot;cashregister/Page_eClinicUserAdministrator/Mobile2ExtSelected\&amp;quot;))</message>
  <nestedLevel>1</nestedLevel>
  <property name="startLine">68</property>
  <property name="stepIndex">27</property>
</record>
<record>
  <date>2019-06-10T12:39:39</date>
  <millis>1560155979035</millis>
  <sequence>268</sequence>
  <level>PASSED</level>
  <class>com.kms.katalon.core.logging.XmlKeywordLogger</class>
  <method>logMessage</method>
  <thread>1</thread>
  <message>Object: &amp;apos;Object Repository/cashregister/Page_eClinicUserAdministrator/Mobile2ExtSelected&amp;apos; is clicked on</message>
  <nestedLevel>1</nestedLevel>
</record>
<record>
  <date>2019-06-10T12:39:39</date>
  <millis>1560155979038</millis>
  <sequence>269</sequence>
  <level>END</level>
  <class>com.kms.katalon.core.logging.XmlKeywordLogger</class>
  <method>endKeyword</method>
  <thread>1</thread>
  <message>End action : click(findTestObject(\&amp;quot;cashregister/Page_eClinicUserAdministrator/Mobile2ExtSelected\&amp;quot;))</message>
  <nestedLevel>1</nestedLevel>
</record>
<record>
  <date>2019-06-10T12:39:39</date>
  <millis>1560155979038</millis>
  <sequence>270</sequence>
  <level>START</level>
  <class>com.kms.katalon.core.logging.XmlKeywordLogger</class>
  <method>startKeyword</method>
  <thread>1</thread>
  <message>Start action : setText(findTestObject(\&amp;quot;cashregister/Page_eClinicUserAdministrator/Mobile2Inserted\&amp;quot;), \&amp;quot;5841201214\&amp;quot;)</message>
  <nestedLevel>1</nestedLevel>
  <property name="startLine">70</property>
  <property name="stepIndex">28</property>
</record>
<record>
  <date>2019-06-10T12:39:39</date>
  <millis>1560155979185</millis>
  <sequence>282</sequence>
  <level>PASSED</level>
  <class>com.kms.katalon.core.logging.XmlKeywordLogger</class>
  <method>logMessage</method>
  <thread>1</thread>
  <message>Text &amp;apos;5841201214&amp;apos; is set on object &amp;apos;Object Repository/cashregister/Page_eClinicUserAdministrator/Mobile2Inserted&amp;apos;</message>
  <nestedLevel>1</nestedLevel>
</record>
<record>
  <date>2019-06-10T12:39:39</date>
  <millis>1560155979187</millis>
  <sequence>283</sequence>
  <level>END</level>
  <class>com.kms.katalon.core.logging.XmlKeywordLogger</class>
  <method>endKeyword</method>
  <thread>1</thread>
  <message>End action : setText(findTestObject(\&amp;quot;cashregister/Page_eClinicUserAdministrator/Mobile2Inserted\&amp;quot;), \&amp;quot;5841201214\&amp;quot;)</message>
  <nestedLevel>1</nestedLevel>
</record>
<record>
  <date>2019-06-10T12:39:39</date>
  <millis>1560155979187</millis>
  <sequence>284</sequence>
  <level>START</level>
  <class>com.kms.katalon.core.logging.XmlKeywordLogger</class>
  <method>startKeyword</method>
  <thread>1</thread>
  <message>Start action : click(findTestObject(\&amp;quot;cashregister/Page_eClinicUserAdministrator/CityClick\&amp;quot;))</message>
  <nestedLevel>1</nestedLevel>
  <property name="startLine">72</property>
  <property name="stepIndex">29</property>
</record>
<record>
  <date>2019-06-10T12:39:39</date>
  <millis>1560155979483</millis>
  <sequence>291</sequence>
  <level>PASSED</level>
  <class>com.kms.katalon.core.logging.XmlKeywordLogger</class>
  <method>logMessage</method>
  <thread>1</thread>
  <message>Object: &amp;apos;Object Repository/cashregister/Page_eClinicUserAdministrator/CityClick&amp;apos; is clicked on</message>
  <nestedLevel>1</nestedLevel>
</record>
<record>
  <date>2019-06-10T12:39:39</date>
  <millis>1560155979484</millis>
  <sequence>292</sequence>
  <level>END</level>
  <class>com.kms.katalon.core.logging.XmlKeywordLogger</class>
  <method>endKeyword</method>
  <thread>1</thread>
  <message>End action : click(findTestObject(\&amp;quot;cashregister/Page_eClinicUserAdministrator/CityClick\&amp;quot;))</message>
  <nestedLevel>1</nestedLevel>
</record>
<record>
  <date>2019-06-10T12:39:39</date>
  <millis>1560155979485</millis>
  <sequence>293</sequence>
  <level>START</level>
  <class>com.kms.katalon.core.logging.XmlKeywordLogger</class>
  <method>startKeyword</method>
  <thread>1</thread>
  <message>Start action : click(findTestObject(\&amp;quot;cashregister/Page_eClinicUserAdministrator/CitySelected\&amp;quot;))</message>
  <nestedLevel>1</nestedLevel>
  <property name="startLine">74</property>
  <property name="stepIndex">30</property>
</record>
<record>
  <date>2019-06-10T12:39:39</date>
  <millis>1560155979835</millis>
  <sequence>300</sequence>
  <level>PASSED</level>
  <class>com.kms.katalon.core.logging.XmlKeywordLogger</class>
  <method>logMessage</method>
  <thread>1</thread>
  <message>Object: &amp;apos;Object Repository/cashregister/Page_eClinicUserAdministrator/CitySelected&amp;apos; is clicked on</message>
  <nestedLevel>1</nestedLevel>
</record>
<record>
  <date>2019-06-10T12:39:39</date>
  <millis>1560155979838</millis>
  <sequence>301</sequence>
  <level>END</level>
  <class>com.kms.katalon.core.logging.XmlKeywordLogger</class>
  <method>endKeyword</method>
  <thread>1</thread>
  <message>End action : click(findTestObject(\&amp;quot;cashregister/Page_eClinicUserAdministrator/CitySelected\&amp;quot;))</message>
  <nestedLevel>1</nestedLevel>
</record>
<record>
  <date>2019-06-10T12:39:39</date>
  <millis>1560155979839</millis>
  <sequence>302</sequence>
  <level>START</level>
  <class>com.kms.katalon.core.logging.XmlKeywordLogger</class>
  <method>startKeyword</method>
  <thread>1</thread>
  <message>Start action : setText(findTestObject(\&amp;quot;cashregister/Page_eClinicUserAdministrator/EmailInserted\&amp;quot;), \&amp;quot;we@qq.com\&amp;quot;)</message>
  <nestedLevel>1</nestedLevel>
  <property name="startLine">76</property>
  <property name="stepIndex">31</property>
</record>
<record>
  <date>2019-06-10T12:39:39</date>
  <millis>1560155979966</millis>
  <sequence>314</sequence>
  <level>PASSED</level>
  <class>com.kms.katalon.core.logging.XmlKeywordLogger</class>
  <method>logMessage</method>
  <thread>1</thread>
  <message>Text &amp;apos;we@qq.com&amp;apos; is set on object &amp;apos;Object Repository/cashregister/Page_eClinicUserAdministrator/EmailInserted&amp;apos;</message>
  <nestedLevel>1</nestedLevel>
</record>
<record>
  <date>2019-06-10T12:39:39</date>
  <millis>1560155979968</millis>
  <sequence>315</sequence>
  <level>END</level>
  <class>com.kms.katalon.core.logging.XmlKeywordLogger</class>
  <method>endKeyword</method>
  <thread>1</thread>
  <message>End action : setText(findTestObject(\&amp;quot;cashregister/Page_eClinicUserAdministrator/EmailInserted\&amp;quot;), \&amp;quot;we@qq.com\&amp;quot;)</message>
  <nestedLevel>1</nestedLevel>
</record>
<record>
  <date>2019-06-10T12:39:39</date>
  <millis>1560155979968</millis>
  <sequence>316</sequence>
  <level>START</level>
  <class>com.kms.katalon.core.logging.XmlKeywordLogger</class>
  <method>startKeyword</method>
  <thread>1</thread>
  <message>Start action : setText(findTestObject(\&amp;quot;cashregister/Page_eClinicUserAdministrator/FathernameInserted\&amp;quot;), \&amp;quot;dad\&amp;quot;)</message>
  <nestedLevel>1</nestedLevel>
  <property name="startLine">78</property>
  <property name="stepIndex">32</property>
</record>
<record>
  <date>2019-06-10T12:39:40</date>
  <millis>1560155980042</millis>
  <sequence>328</sequence>
  <level>PASSED</level>
  <class>com.kms.katalon.core.logging.XmlKeywordLogger</class>
  <method>logMessage</method>
  <thread>1</thread>
  <message>Text &amp;apos;dad&amp;apos; is set on object &amp;apos;Object Repository/cashregister/Page_eClinicUserAdministrator/FathernameInserted&amp;apos;</message>
  <nestedLevel>1</nestedLevel>
</record>
<record>
  <date>2019-06-10T12:39:40</date>
  <millis>1560155980043</millis>
  <sequence>329</sequence>
  <level>END</level>
  <class>com.kms.katalon.core.logging.XmlKeywordLogger</class>
  <method>endKeyword</method>
  <thread>1</thread>
  <message>End action : setText(findTestObject(\&amp;quot;cashregister/Page_eClinicUserAdministrator/FathernameInserted\&amp;quot;), \&amp;quot;dad\&amp;quot;)</message>
  <nestedLevel>1</nestedLevel>
</record>
<record>
  <date>2019-06-10T12:39:40</date>
  <millis>1560155980043</millis>
  <sequence>330</sequence>
  <level>START</level>
  <class>com.kms.katalon.core.logging.XmlKeywordLogger</class>
  <method>startKeyword</method>
  <thread>1</thread>
  <message>Start action : setText(findTestObject(\&amp;quot;cashregister/Page_eClinicUserAdministrator/DesignationInserted\&amp;quot;), \&amp;quot;qa\&amp;quot;)</message>
  <nestedLevel>1</nestedLevel>
  <property name="startLine">80</property>
  <property name="stepIndex">33</property>
</record>
<record>
  <date>2019-06-10T12:39:40</date>
  <millis>1560155980099</millis>
  <sequence>342</sequence>
  <level>PASSED</level>
  <class>com.kms.katalon.core.logging.XmlKeywordLogger</class>
  <method>logMessage</method>
  <thread>1</thread>
  <message>Text &amp;apos;qa&amp;apos; is set on object &amp;apos;Object Repository/cashregister/Page_eClinicUserAdministrator/DesignationInserted&amp;apos;</message>
  <nestedLevel>1</nestedLevel>
</record>
<record>
  <date>2019-06-10T12:39:40</date>
  <millis>1560155980100</millis>
  <sequence>343</sequence>
  <level>END</level>
  <class>com.kms.katalon.core.logging.XmlKeywordLogger</class>
  <method>endKeyword</method>
  <thread>1</thread>
  <message>End action : setText(findTestObject(\&amp;quot;cashregister/Page_eClinicUserAdministrator/DesignationInserted\&amp;quot;), \&amp;quot;qa\&amp;quot;)</message>
  <nestedLevel>1</nestedLevel>
</record>
<record>
  <date>2019-06-10T12:39:40</date>
  <millis>1560155980101</millis>
  <sequence>344</sequence>
  <level>START</level>
  <class>com.kms.katalon.core.logging.XmlKeywordLogger</class>
  <method>startKeyword</method>
  <thread>1</thread>
  <message>Start action : click(findTestObject(\&amp;quot;cashregister/Page_eClinicUserAdministrator/SourceClick\&amp;quot;))</message>
  <nestedLevel>1</nestedLevel>
  <property name="startLine">82</property>
  <property name="stepIndex">34</property>
</record>
<record>
  <date>2019-06-10T12:39:40</date>
  <millis>1560155980379</millis>
  <sequence>351</sequence>
  <level>PASSED</level>
  <class>com.kms.katalon.core.logging.XmlKeywordLogger</class>
  <method>logMessage</method>
  <thread>1</thread>
  <message>Object: &amp;apos;Object Repository/cashregister/Page_eClinicUserAdministrator/SourceClick&amp;apos; is clicked on</message>
  <nestedLevel>1</nestedLevel>
</record>
<record>
  <date>2019-06-10T12:39:40</date>
  <millis>1560155980381</millis>
  <sequence>352</sequence>
  <level>END</level>
  <class>com.kms.katalon.core.logging.XmlKeywordLogger</class>
  <method>endKeyword</method>
  <thread>1</thread>
  <message>End action : click(findTestObject(\&amp;quot;cashregister/Page_eClinicUserAdministrator/SourceClick\&amp;quot;))</message>
  <nestedLevel>1</nestedLevel>
</record>
<record>
  <date>2019-06-10T12:39:40</date>
  <millis>1560155980382</millis>
  <sequence>353</sequence>
  <level>START</level>
  <class>com.kms.katalon.core.logging.XmlKeywordLogger</class>
  <method>startKeyword</method>
  <thread>1</thread>
  <message>Start action : click(findTestObject(\&amp;quot;cashregister/Page_eClinicUserAdministrator/SourceSelected\&amp;quot;))</message>
  <nestedLevel>1</nestedLevel>
  <property name="startLine">84</property>
  <property name="stepIndex">35</property>
</record>
<record>
  <date>2019-06-10T12:39:40</date>
  <millis>1560155980737</millis>
  <sequence>360</sequence>
  <level>PASSED</level>
  <class>com.kms.katalon.core.logging.XmlKeywordLogger</class>
  <method>logMessage</method>
  <thread>1</thread>
  <message>Object: &amp;apos;Object Repository/cashregister/Page_eClinicUserAdministrator/SourceSelected&amp;apos; is clicked on</message>
  <nestedLevel>1</nestedLevel>
</record>
<record>
  <date>2019-06-10T12:39:40</date>
  <millis>1560155980739</millis>
  <sequence>361</sequence>
  <level>END</level>
  <class>com.kms.katalon.core.logging.XmlKeywordLogger</class>
  <method>endKeyword</method>
  <thread>1</thread>
  <message>End action : click(findTestObject(\&amp;quot;cashregister/Page_eClinicUserAdministrator/SourceSelected\&amp;quot;))</message>
  <nestedLevel>1</nestedLevel>
</record>
<record>
  <date>2019-06-10T12:39:40</date>
  <millis>1560155980740</millis>
  <sequence>362</sequence>
  <level>START</level>
  <class>com.kms.katalon.core.logging.XmlKeywordLogger</class>
  <method>startKeyword</method>
  <thread>1</thread>
  <message>Start action : setText(findTestObject(\&amp;quot;cashregister/Page_eClinicUserAdministrator/SourceInserted\&amp;quot;), \&amp;quot;source tested\&amp;quot;)</message>
  <nestedLevel>1</nestedLevel>
  <property name="startLine">86</property>
  <property name="stepIndex">36</property>
</record>
<record>
  <date>2019-06-10T12:39:40</date>
  <millis>1560155980938</millis>
  <sequence>374</sequence>
  <level>PASSED</level>
  <class>com.kms.katalon.core.logging.XmlKeywordLogger</class>
  <method>logMessage</method>
  <thread>1</thread>
  <message>Text &amp;apos;source tested&amp;apos; is set on object &amp;apos;Object Repository/cashregister/Page_eClinicUserAdministrator/SourceInserted&amp;apos;</message>
  <nestedLevel>1</nestedLevel>
</record>
<record>
  <date>2019-06-10T12:39:40</date>
  <millis>1560155980938</millis>
  <sequence>375</sequence>
  <level>END</level>
  <class>com.kms.katalon.core.logging.XmlKeywordLogger</class>
  <method>endKeyword</method>
  <thread>1</thread>
  <message>End action : setText(findTestObject(\&amp;quot;cashregister/Page_eClinicUserAdministrator/SourceInserted\&amp;quot;), \&amp;quot;source tested\&amp;quot;)</message>
  <nestedLevel>1</nestedLevel>
</record>
<record>
  <date>2019-06-10T12:39:40</date>
  <millis>1560155980938</millis>
  <sequence>376</sequence>
  <level>START</level>
  <class>com.kms.katalon.core.logging.XmlKeywordLogger</class>
  <method>startKeyword</method>
  <thread>1</thread>
  <message>Start action : setText(findTestObject(\&amp;quot;cashregister/Page_eClinicUserAdministrator/EmergencyNameInserted\&amp;quot;), \&amp;quot;4578124512\&amp;quot;)</message>
  <nestedLevel>1</nestedLevel>
  <property name="startLine">88</property>
  <property name="stepIndex">37</property>
</record>
<record>
  <date>2019-06-10T12:39:41</date>
  <millis>1560155981026</millis>
  <sequence>388</sequence>
  <level>PASSED</level>
  <class>com.kms.katalon.core.logging.XmlKeywordLogger</class>
  <method>logMessage</method>
  <thread>1</thread>
  <message>Text &amp;apos;4578124512&amp;apos; is set on object &amp;apos;Object Repository/cashregister/Page_eClinicUserAdministrator/EmergencyNameInserted&amp;apos;</message>
  <nestedLevel>1</nestedLevel>
</record>
<record>
  <date>2019-06-10T12:39:41</date>
  <millis>1560155981026</millis>
  <sequence>389</sequence>
  <level>END</level>
  <class>com.kms.katalon.core.logging.XmlKeywordLogger</class>
  <method>endKeyword</method>
  <thread>1</thread>
  <message>End action : setText(findTestObject(\&amp;quot;cashregister/Page_eClinicUserAdministrator/EmergencyNameInserted\&amp;quot;), \&amp;quot;4578124512\&amp;quot;)</message>
  <nestedLevel>1</nestedLevel>
</record>
<record>
  <date>2019-06-10T12:39:41</date>
  <millis>1560155981027</millis>
  <sequence>390</sequence>
  <level>START</level>
  <class>com.kms.katalon.core.logging.XmlKeywordLogger</class>
  <method>startKeyword</method>
  <thread>1</thread>
  <message>Start action : setText(findTestObject(\&amp;quot;cashregister/Page_eClinicUserAdministrator/RelationInserted\&amp;quot;), \&amp;quot;fath\&amp;quot;)</message>
  <nestedLevel>1</nestedLevel>
  <property name="startLine">90</property>
  <property name="stepIndex">38</property>
</record>
<record>
  <date>2019-06-10T12:39:41</date>
  <millis>1560155981109</millis>
  <sequence>402</sequence>
  <level>PASSED</level>
  <class>com.kms.katalon.core.logging.XmlKeywordLogger</class>
  <method>logMessage</method>
  <thread>1</thread>
  <message>Text &amp;apos;fath&amp;apos; is set on object &amp;apos;Object Repository/cashregister/Page_eClinicUserAdministrator/RelationInserted&amp;apos;</message>
  <nestedLevel>1</nestedLevel>
</record>
<record>
  <date>2019-06-10T12:39:41</date>
  <millis>1560155981109</millis>
  <sequence>403</sequence>
  <level>END</level>
  <class>com.kms.katalon.core.logging.XmlKeywordLogger</class>
  <method>endKeyword</method>
  <thread>1</thread>
  <message>End action : setText(findTestObject(\&amp;quot;cashregister/Page_eClinicUserAdministrator/RelationInserted\&amp;quot;), \&amp;quot;fath\&amp;quot;)</message>
  <nestedLevel>1</nestedLevel>
</record>
<record>
  <date>2019-06-10T12:39:41</date>
  <millis>1560155981109</millis>
  <sequence>404</sequence>
  <level>START</level>
  <class>com.kms.katalon.core.logging.XmlKeywordLogger</class>
  <method>startKeyword</method>
  <thread>1</thread>
  <message>Start action : selectOptionByValue(findTestObject(\&amp;quot;cashregister/Page_eClinicUserAdministrator/DepartmentSelected\&amp;quot;), \&amp;quot;7\&amp;quot;, false)</message>
  <nestedLevel>1</nestedLevel>
  <property name="startLine">92</property>
  <property name="stepIndex">39</property>
</record>
<record>
  <date>2019-06-10T12:39:41</date>
  <millis>1560155981458</millis>
  <sequence>412</sequence>
  <level>PASSED</level>
  <class>com.kms.katalon.core.logging.XmlKeywordLogger</class>
  <method>logMessage</method>
  <thread>1</thread>
  <message>All options with value &amp;apos;7&amp;apos; are selected in object &amp;apos;Object Repository/cashregister/Page_eClinicUserAdministrator/DepartmentSelected&amp;apos; </message>
  <nestedLevel>1</nestedLevel>
</record>
<record>
  <date>2019-06-10T12:39:41</date>
  <millis>1560155981459</millis>
  <sequence>413</sequence>
  <level>END</level>
  <class>com.kms.katalon.core.logging.XmlKeywordLogger</class>
  <method>endKeyword</method>
  <thread>1</thread>
  <message>End action : selectOptionByValue(findTestObject(\&amp;quot;cashregister/Page_eClinicUserAdministrator/DepartmentSelected\&amp;quot;), \&amp;quot;7\&amp;quot;, false)</message>
  <nestedLevel>1</nestedLevel>
</record>
<record>
  <date>2019-06-10T12:39:41</date>
  <millis>1560155981459</millis>
  <sequence>414</sequence>
  <level>START</level>
  <class>com.kms.katalon.core.logging.XmlKeywordLogger</class>
  <method>startKeyword</method>
  <thread>1</thread>
  <message>Start action : selectOptionByValue(findTestObject(\&amp;quot;cashregister/Page_eClinicUserAdministrator/DoctorSelected\&amp;quot;), \&amp;quot;8\&amp;quot;, false)</message>
  <nestedLevel>1</nestedLevel>
  <property name="startLine">94</property>
  <property name="stepIndex">40</property>
</record>
<record>
  <date>2019-06-10T12:39:41</date>
  <millis>1560155981831</millis>
  <sequence>422</sequence>
  <level>PASSED</level>
  <class>com.kms.katalon.core.logging.XmlKeywordLogger</class>
  <method>logMessage</method>
  <thread>1</thread>
  <message>All options with value &amp;apos;8&amp;apos; are selected in object &amp;apos;Object Repository/cashregister/Page_eClinicUserAdministrator/DoctorSelected&amp;apos; </message>
  <nestedLevel>1</nestedLevel>
</record>
<record>
  <date>2019-06-10T12:39:41</date>
  <millis>1560155981832</millis>
  <sequence>423</sequence>
  <level>END</level>
  <class>com.kms.katalon.core.logging.XmlKeywordLogger</class>
  <method>endKeyword</method>
  <thread>1</thread>
  <message>End action : selectOptionByValue(findTestObject(\&amp;quot;cashregister/Page_eClinicUserAdministrator/DoctorSelected\&amp;quot;), \&amp;quot;8\&amp;quot;, false)</message>
  <nestedLevel>1</nestedLevel>
</record>
<record>
  <date>2019-06-10T12:39:41</date>
  <millis>1560155981833</millis>
  <sequence>424</sequence>
  <level>START</level>
  <class>com.kms.katalon.core.logging.XmlKeywordLogger</class>
  <method>startKeyword</method>
  <thread>1</thread>
  <message>Start action : selectOptionByValue(findTestObject(\&amp;quot;cashregister/Page_eClinicUserAdministrator/NationalitySelected\&amp;quot;), \&amp;quot;2\&amp;quot;, false)</message>
  <nestedLevel>1</nestedLevel>
  <property name="startLine">96</property>
  <property name="stepIndex">41</property>
</record>
<record>
  <date>2019-06-10T12:39:42</date>
  <millis>1560155982138</millis>
  <sequence>432</sequence>
  <level>PASSED</level>
  <class>com.kms.katalon.core.logging.XmlKeywordLogger</class>
  <method>logMessage</method>
  <thread>1</thread>
  <message>All options with value &amp;apos;2&amp;apos; are selected in object &amp;apos;Object Repository/cashregister/Page_eClinicUserAdministrator/NationalitySelected&amp;apos; </message>
  <nestedLevel>1</nestedLevel>
</record>
<record>
  <date>2019-06-10T12:39:42</date>
  <millis>1560155982139</millis>
  <sequence>433</sequence>
  <level>END</level>
  <class>com.kms.katalon.core.logging.XmlKeywordLogger</class>
  <method>endKeyword</method>
  <thread>1</thread>
  <message>End action : selectOptionByValue(findTestObject(\&amp;quot;cashregister/Page_eClinicUserAdministrator/NationalitySelected\&amp;quot;), \&amp;quot;2\&amp;quot;, false)</message>
  <nestedLevel>1</nestedLevel>
</record>
<record>
  <date>2019-06-10T12:39:42</date>
  <millis>1560155982139</millis>
  <sequence>434</sequence>
  <level>START</level>
  <class>com.kms.katalon.core.logging.XmlKeywordLogger</class>
  <method>startKeyword</method>
  <thread>1</thread>
  <message>Start action : setText(findTestObject(\&amp;quot;cashregister/Page_eClinicUserAdministrator/EmiratesIDInserted\&amp;quot;), residenceid, CONTINUE_ON_FAILURE)</message>
  <nestedLevel>1</nestedLevel>
  <property name="startLine">98</property>
  <property name="stepIndex">42</property>
</record>
<record>
  <date>2019-06-10T12:39:42</date>
  <millis>1560155982207</millis>
  <sequence>446</sequence>
  <level>PASSED</level>
  <class>com.kms.katalon.core.logging.XmlKeywordLogger</class>
  <method>logMessage</method>
  <thread>1</thread>
  <message>Text &amp;apos;111-1111-1111111-1&amp;apos; is set on object &amp;apos;Object Repository/cashregister/Page_eClinicUserAdministrator/EmiratesIDInserted&amp;apos;</message>
  <nestedLevel>1</nestedLevel>
</record>
<record>
  <date>2019-06-10T12:39:42</date>
  <millis>1560155982207</millis>
  <sequence>447</sequence>
  <level>END</level>
  <class>com.kms.katalon.core.logging.XmlKeywordLogger</class>
  <method>endKeyword</method>
  <thread>1</thread>
  <message>End action : setText(findTestObject(\&amp;quot;cashregister/Page_eClinicUserAdministrator/EmiratesIDInserted\&amp;quot;), residenceid, CONTINUE_ON_FAILURE)</message>
  <nestedLevel>1</nestedLevel>
</record>
<record>
  <date>2019-06-10T12:39:42</date>
  <millis>1560155982208</millis>
  <sequence>448</sequence>
  <level>START</level>
  <class>com.kms.katalon.core.logging.XmlKeywordLogger</class>
  <method>startKeyword</method>
  <thread>1</thread>
  <message>Start action : selectOptionByValue(findTestObject(\&amp;quot;cashregister/Page_eClinicUserAdministrator/OtherIDClick\&amp;quot;), \&amp;quot;3\&amp;quot;, false)</message>
  <nestedLevel>1</nestedLevel>
  <property name="startLine">100</property>
  <property name="stepIndex">43</property>
</record>
<record>
  <date>2019-06-10T12:39:42</date>
  <millis>1560155982530</millis>
  <sequence>456</sequence>
  <level>PASSED</level>
  <class>com.kms.katalon.core.logging.XmlKeywordLogger</class>
  <method>logMessage</method>
  <thread>1</thread>
  <message>All options with value &amp;apos;3&amp;apos; are selected in object &amp;apos;Object Repository/cashregister/Page_eClinicUserAdministrator/OtherIDClick&amp;apos; </message>
  <nestedLevel>1</nestedLevel>
</record>
<record>
  <date>2019-06-10T12:39:42</date>
  <millis>1560155982532</millis>
  <sequence>457</sequence>
  <level>END</level>
  <class>com.kms.katalon.core.logging.XmlKeywordLogger</class>
  <method>endKeyword</method>
  <thread>1</thread>
  <message>End action : selectOptionByValue(findTestObject(\&amp;quot;cashregister/Page_eClinicUserAdministrator/OtherIDClick\&amp;quot;), \&amp;quot;3\&amp;quot;, false)</message>
  <nestedLevel>1</nestedLevel>
</record>
<record>
  <date>2019-06-10T12:39:42</date>
  <millis>1560155982533</millis>
  <sequence>458</sequence>
  <level>START</level>
  <class>com.kms.katalon.core.logging.XmlKeywordLogger</class>
  <method>startKeyword</method>
  <thread>1</thread>
  <message>Start action : setText(findTestObject(\&amp;quot;cashregister/Page_eClinicUserAdministrator/OtherIDInserted\&amp;quot;), \&amp;quot;230232421\&amp;quot;)</message>
  <nestedLevel>1</nestedLevel>
  <property name="startLine">102</property>
  <property name="stepIndex">44</property>
</record>
<record>
  <date>2019-06-10T12:39:42</date>
  <millis>1560155982654</millis>
  <sequence>470</sequence>
  <level>PASSED</level>
  <class>com.kms.katalon.core.logging.XmlKeywordLogger</class>
  <method>logMessage</method>
  <thread>1</thread>
  <message>Text &amp;apos;230232421&amp;apos; is set on object &amp;apos;Object Repository/cashregister/Page_eClinicUserAdministrator/OtherIDInserted&amp;apos;</message>
  <nestedLevel>1</nestedLevel>
</record>
<record>
  <date>2019-06-10T12:39:42</date>
  <millis>1560155982655</millis>
  <sequence>471</sequence>
  <level>END</level>
  <class>com.kms.katalon.core.logging.XmlKeywordLogger</class>
  <method>endKeyword</method>
  <thread>1</thread>
  <message>End action : setText(findTestObject(\&amp;quot;cashregister/Page_eClinicUserAdministrator/OtherIDInserted\&amp;quot;), \&amp;quot;230232421\&amp;quot;)</message>
  <nestedLevel>1</nestedLevel>
</record>
<record>
  <date>2019-06-10T12:39:42</date>
  <millis>1560155982655</millis>
  <sequence>472</sequence>
  <level>START</level>
  <class>com.kms.katalon.core.logging.XmlKeywordLogger</class>
  <method>startKeyword</method>
  <thread>1</thread>
  <message>Start action : click(findTestObject(\&amp;quot;cashregister/Page_eClinicUserAdministrator/TelephoneClick\&amp;quot;))</message>
  <nestedLevel>1</nestedLevel>
  <property name="startLine">104</property>
  <property name="stepIndex">45</property>
</record>
<record>
  <date>2019-06-10T12:39:42</date>
  <millis>1560155982951</millis>
  <sequence>479</sequence>
  <level>PASSED</level>
  <class>com.kms.katalon.core.logging.XmlKeywordLogger</class>
  <method>logMessage</method>
  <thread>1</thread>
  <message>Object: &amp;apos;Object Repository/cashregister/Page_eClinicUserAdministrator/TelephoneClick&amp;apos; is clicked on</message>
  <nestedLevel>1</nestedLevel>
</record>
<record>
  <date>2019-06-10T12:39:42</date>
  <millis>1560155982953</millis>
  <sequence>480</sequence>
  <level>END</level>
  <class>com.kms.katalon.core.logging.XmlKeywordLogger</class>
  <method>endKeyword</method>
  <thread>1</thread>
  <message>End action : click(findTestObject(\&amp;quot;cashregister/Page_eClinicUserAdministrator/TelephoneClick\&amp;quot;))</message>
  <nestedLevel>1</nestedLevel>
</record>
<record>
  <date>2019-06-10T12:39:42</date>
  <millis>1560155982953</millis>
  <sequence>481</sequence>
  <level>START</level>
  <class>com.kms.katalon.core.logging.XmlKeywordLogger</class>
  <method>startKeyword</method>
  <thread>1</thread>
  <message>Start action : click(findTestObject(\&amp;quot;cashregister/Page_eClinicUserAdministrator/TelephoneSelected\&amp;quot;))</message>
  <nestedLevel>1</nestedLevel>
  <property name="startLine">106</property>
  <property name="stepIndex">46</property>
</record>
<record>
  <date>2019-06-10T12:39:43</date>
  <millis>1560155983267</millis>
  <sequence>488</sequence>
  <level>PASSED</level>
  <class>com.kms.katalon.core.logging.XmlKeywordLogger</class>
  <method>logMessage</method>
  <thread>1</thread>
  <message>Object: &amp;apos;Object Repository/cashregister/Page_eClinicUserAdministrator/TelephoneSelected&amp;apos; is clicked on</message>
  <nestedLevel>1</nestedLevel>
</record>
<record>
  <date>2019-06-10T12:39:43</date>
  <millis>1560155983269</millis>
  <sequence>489</sequence>
  <level>END</level>
  <class>com.kms.katalon.core.logging.XmlKeywordLogger</class>
  <method>endKeyword</method>
  <thread>1</thread>
  <message>End action : click(findTestObject(\&amp;quot;cashregister/Page_eClinicUserAdministrator/TelephoneSelected\&amp;quot;))</message>
  <nestedLevel>1</nestedLevel>
</record>
<record>
  <date>2019-06-10T12:39:43</date>
  <millis>1560155983270</millis>
  <sequence>490</sequence>
  <level>START</level>
  <class>com.kms.katalon.core.logging.XmlKeywordLogger</class>
  <method>startKeyword</method>
  <thread>1</thread>
  <message>Start action : setText(findTestObject(\&amp;quot;cashregister/Page_eClinicUserAdministrator/TelephoneInserted\&amp;quot;), \&amp;quot;231789512\&amp;quot;)</message>
  <nestedLevel>1</nestedLevel>
  <property name="startLine">108</property>
  <property name="stepIndex">47</property>
</record>
<record>
  <date>2019-06-10T12:39:43</date>
  <millis>1560155983418</millis>
  <sequence>502</sequence>
  <level>PASSED</level>
  <class>com.kms.katalon.core.logging.XmlKeywordLogger</class>
  <method>logMessage</method>
  <thread>1</thread>
  <message>Text &amp;apos;231789512&amp;apos; is set on object &amp;apos;Object Repository/cashregister/Page_eClinicUserAdministrator/TelephoneInserted&amp;apos;</message>
  <nestedLevel>1</nestedLevel>
</record>
<record>
  <date>2019-06-10T12:39:43</date>
  <millis>1560155983419</millis>
  <sequence>503</sequence>
  <level>END</level>
  <class>com.kms.katalon.core.logging.XmlKeywordLogger</class>
  <method>endKeyword</method>
  <thread>1</thread>
  <message>End action : setText(findTestObject(\&amp;quot;cashregister/Page_eClinicUserAdministrator/TelephoneInserted\&amp;quot;), \&amp;quot;231789512\&amp;quot;)</message>
  <nestedLevel>1</nestedLevel>
</record>
<record>
  <date>2019-06-10T12:39:43</date>
  <millis>1560155983419</millis>
  <sequence>504</sequence>
  <level>START</level>
  <class>com.kms.katalon.core.logging.XmlKeywordLogger</class>
  <method>startKeyword</method>
  <thread>1</thread>
  <message>Start action : setText(findTestObject(\&amp;quot;cashregister/Page_eClinicUserAdministrator/PostalCodeInserted\&amp;quot;), \&amp;quot;235687451\&amp;quot;)</message>
  <nestedLevel>1</nestedLevel>
  <property name="startLine">110</property>
  <property name="stepIndex">48</property>
</record>
<record>
  <date>2019-06-10T12:39:43</date>
  <millis>1560155983520</millis>
  <sequence>516</sequence>
  <level>PASSED</level>
  <class>com.kms.katalon.core.logging.XmlKeywordLogger</class>
  <method>logMessage</method>
  <thread>1</thread>
  <message>Text &amp;apos;235687451&amp;apos; is set on object &amp;apos;Object Repository/cashregister/Page_eClinicUserAdministrator/PostalCodeInserted&amp;apos;</message>
  <nestedLevel>1</nestedLevel>
</record>
<record>
  <date>2019-06-10T12:39:43</date>
  <millis>1560155983520</millis>
  <sequence>517</sequence>
  <level>END</level>
  <class>com.kms.katalon.core.logging.XmlKeywordLogger</class>
  <method>endKeyword</method>
  <thread>1</thread>
  <message>End action : setText(findTestObject(\&amp;quot;cashregister/Page_eClinicUserAdministrator/PostalCodeInserted\&amp;quot;), \&amp;quot;235687451\&amp;quot;)</message>
  <nestedLevel>1</nestedLevel>
</record>
<record>
  <date>2019-06-10T12:39:43</date>
  <millis>1560155983520</millis>
  <sequence>518</sequence>
  <level>START</level>
  <class>com.kms.katalon.core.logging.XmlKeywordLogger</class>
  <method>startKeyword</method>
  <thread>1</thread>
  <message>Start action : setText(findTestObject(\&amp;quot;cashregister/Page_eClinicUserAdministrator/MothernameInserted\&amp;quot;), \&amp;quot;mom\&amp;quot;)</message>
  <nestedLevel>1</nestedLevel>
  <property name="startLine">112</property>
  <property name="stepIndex">49</property>
</record>
<record>
  <date>2019-06-10T12:39:43</date>
  <millis>1560155983603</millis>
  <sequence>530</sequence>
  <level>PASSED</level>
  <class>com.kms.katalon.core.logging.XmlKeywordLogger</class>
  <method>logMessage</method>
  <thread>1</thread>
  <message>Text &amp;apos;mom&amp;apos; is set on object &amp;apos;Object Repository/cashregister/Page_eClinicUserAdministrator/MothernameInserted&amp;apos;</message>
  <nestedLevel>1</nestedLevel>
</record>
<record>
  <date>2019-06-10T12:39:43</date>
  <millis>1560155983604</millis>
  <sequence>531</sequence>
  <level>END</level>
  <class>com.kms.katalon.core.logging.XmlKeywordLogger</class>
  <method>endKeyword</method>
  <thread>1</thread>
  <message>End action : setText(findTestObject(\&amp;quot;cashregister/Page_eClinicUserAdministrator/MothernameInserted\&amp;quot;), \&amp;quot;mom\&amp;quot;)</message>
  <nestedLevel>1</nestedLevel>
</record>
<record>
  <date>2019-06-10T12:39:43</date>
  <millis>1560155983604</millis>
  <sequence>532</sequence>
  <level>START</level>
  <class>com.kms.katalon.core.logging.XmlKeywordLogger</class>
  <method>startKeyword</method>
  <thread>1</thread>
  <message>Start action : setText(findTestObject(\&amp;quot;cashregister/Page_eClinicUserAdministrator/EmergencyNumInserted\&amp;quot;), \&amp;quot;125658748\&amp;quot;)</message>
  <nestedLevel>1</nestedLevel>
  <property name="startLine">118</property>
  <property name="stepIndex">50</property>
</record>
<record>
  <date>2019-06-10T12:39:43</date>
  <millis>1560155983674</millis>
  <sequence>544</sequence>
  <level>PASSED</level>
  <class>com.kms.katalon.core.logging.XmlKeywordLogger</class>
  <method>logMessage</method>
  <thread>1</thread>
  <message>Text &amp;apos;125658748&amp;apos; is set on object &amp;apos;Object Repository/cashregister/Page_eClinicUserAdministrator/EmergencyNumInserted&amp;apos;</message>
  <nestedLevel>1</nestedLevel>
</record>
<record>
  <date>2019-06-10T12:39:43</date>
  <millis>1560155983674</millis>
  <sequence>545</sequence>
  <level>END</level>
  <class>com.kms.katalon.core.logging.XmlKeywordLogger</class>
  <method>endKeyword</method>
  <thread>1</thread>
  <message>End action : setText(findTestObject(\&amp;quot;cashregister/Page_eClinicUserAdministrator/EmergencyNumInserted\&amp;quot;), \&amp;quot;125658748\&amp;quot;)</message>
  <nestedLevel>1</nestedLevel>
</record>
<record>
  <date>2019-06-10T12:39:43</date>
  <millis>1560155983674</millis>
  <sequence>546</sequence>
  <level>START</level>
  <class>com.kms.katalon.core.logging.XmlKeywordLogger</class>
  <method>startKeyword</method>
  <thread>1</thread>
  <message>Start action : selectOptionByValue(findTestObject(\&amp;quot;cashregister/Page_eClinicUserAdministrator/RegistrationtypeSelected\&amp;quot;), \&amp;quot;Normal\&amp;quot;, false)</message>
  <nestedLevel>1</nestedLevel>
  <property name="startLine">120</property>
  <property name="stepIndex">51</property>
</record>
<record>
  <date>2019-06-10T12:39:43</date>
  <millis>1560155983984</millis>
  <sequence>554</sequence>
  <level>PASSED</level>
  <class>com.kms.katalon.core.logging.XmlKeywordLogger</class>
  <method>logMessage</method>
  <thread>1</thread>
  <message>All options with value &amp;apos;Normal&amp;apos; are selected in object &amp;apos;Object Repository/cashregister/Page_eClinicUserAdministrator/RegistrationtypeSelected&amp;apos; </message>
  <nestedLevel>1</nestedLevel>
</record>
<record>
  <date>2019-06-10T12:39:43</date>
  <millis>1560155983985</millis>
  <sequence>555</sequence>
  <level>END</level>
  <class>com.kms.katalon.core.logging.XmlKeywordLogger</class>
  <method>endKeyword</method>
  <thread>1</thread>
  <message>End action : selectOptionByValue(findTestObject(\&amp;quot;cashregister/Page_eClinicUserAdministrator/RegistrationtypeSelected\&amp;quot;), \&amp;quot;Normal\&amp;quot;, false)</message>
  <nestedLevel>1</nestedLevel>
</record>
<record>
  <date>2019-06-10T12:39:43</date>
  <millis>1560155983986</millis>
  <sequence>556</sequence>
  <level>START</level>
  <class>com.kms.katalon.core.logging.XmlKeywordLogger</class>
  <method>startKeyword</method>
  <thread>1</thread>
  <message>Start action : click(findTestObject(\&amp;quot;insregistration/span_No\&amp;quot;))</message>
  <nestedLevel>1</nestedLevel>
  <property name="startLine">123</property>
  <property name="stepIndex">52</property>
</record>
<record>
  <date>2019-06-10T12:39:44</date>
  <millis>1560155984359</millis>
  <sequence>563</sequence>
  <level>PASSED</level>
  <class>com.kms.katalon.core.logging.XmlKeywordLogger</class>
  <method>logMessage</method>
  <thread>1</thread>
  <message>Object: &amp;apos;Object Repository/insregistration/span_No&amp;apos; is clicked on</message>
  <nestedLevel>1</nestedLevel>
</record>
<record>
  <date>2019-06-10T12:39:44</date>
  <millis>1560155984360</millis>
  <sequence>564</sequence>
  <level>END</level>
  <class>com.kms.katalon.core.logging.XmlKeywordLogger</class>
  <method>endKeyword</method>
  <thread>1</thread>
  <message>End action : click(findTestObject(\&amp;quot;insregistration/span_No\&amp;quot;))</message>
  <nestedLevel>1</nestedLevel>
</record>
<record>
  <date>2019-06-10T12:39:44</date>
  <millis>1560155984361</millis>
  <sequence>565</sequence>
  <level>START</level>
  <class>com.kms.katalon.core.logging.XmlKeywordLogger</class>
  <method>startKeyword</method>
  <thread>1</thread>
  <message>Start action : click(findTestObject(\&amp;quot;insregistration/li_Yes\&amp;quot;))</message>
  <nestedLevel>1</nestedLevel>
  <property name="startLine">125</property>
  <property name="stepIndex">53</property>
</record>
<record>
  <date>2019-06-10T12:39:45</date>
  <millis>1560155985164</millis>
  <sequence>572</sequence>
  <level>PASSED</level>
  <class>com.kms.katalon.core.logging.XmlKeywordLogger</class>
  <method>logMessage</method>
  <thread>1</thread>
  <message>Object: &amp;apos;Object Repository/insregistration/li_Yes&amp;apos; is clicked on</message>
  <nestedLevel>1</nestedLevel>
</record>
<record>
  <date>2019-06-10T12:39:45</date>
  <millis>1560155985166</millis>
  <sequence>573</sequence>
  <level>END</level>
  <class>com.kms.katalon.core.logging.XmlKeywordLogger</class>
  <method>endKeyword</method>
  <thread>1</thread>
  <message>End action : click(findTestObject(\&amp;quot;insregistration/li_Yes\&amp;quot;))</message>
  <nestedLevel>1</nestedLevel>
</record>
<record>
  <date>2019-06-10T12:39:45</date>
  <millis>1560155985167</millis>
  <sequence>574</sequence>
  <level>START</level>
  <class>com.kms.katalon.core.logging.XmlKeywordLogger</class>
  <method>startKeyword</method>
  <thread>1</thread>
  <message>Start action : click(findTestObject(\&amp;quot;insregistration/span_----Select----\&amp;quot;))</message>
  <nestedLevel>1</nestedLevel>
  <property name="startLine">127</property>
  <property name="stepIndex">54</property>
</record>
<record>
  <date>2019-06-10T12:39:45</date>
  <millis>1560155985485</millis>
  <sequence>581</sequence>
  <level>PASSED</level>
  <class>com.kms.katalon.core.logging.XmlKeywordLogger</class>
  <method>logMessage</method>
  <thread>1</thread>
  <message>Object: &amp;apos;Object Repository/insregistration/span_----Select----&amp;apos; is clicked on</message>
  <nestedLevel>1</nestedLevel>
</record>
<record>
  <date>2019-06-10T12:39:45</date>
  <millis>1560155985487</millis>
  <sequence>582</sequence>
  <level>END</level>
  <class>com.kms.katalon.core.logging.XmlKeywordLogger</class>
  <method>endKeyword</method>
  <thread>1</thread>
  <message>End action : click(findTestObject(\&amp;quot;insregistration/span_----Select----\&amp;quot;))</message>
  <nestedLevel>1</nestedLevel>
</record>
<record>
  <date>2019-06-10T12:39:45</date>
  <millis>1560155985487</millis>
  <sequence>583</sequence>
  <level>START</level>
  <class>com.kms.katalon.core.logging.XmlKeywordLogger</class>
  <method>startKeyword</method>
  <thread>1</thread>
  <message>Start action : click(findTestObject(\&amp;quot;insregistration/li_ALMADALLAH\&amp;quot;))</message>
  <nestedLevel>1</nestedLevel>
  <property name="startLine">129</property>
  <property name="stepIndex">55</property>
</record>
<record>
  <date>2019-06-10T12:39:45</date>
  <millis>1560155985841</millis>
  <sequence>590</sequence>
  <level>PASSED</level>
  <class>com.kms.katalon.core.logging.XmlKeywordLogger</class>
  <method>logMessage</method>
  <thread>1</thread>
  <message>Object: &amp;apos;Object Repository/insregistration/li_ALMADALLAH&amp;apos; is clicked on</message>
  <nestedLevel>1</nestedLevel>
</record>
<record>
  <date>2019-06-10T12:39:45</date>
  <millis>1560155985842</millis>
  <sequence>591</sequence>
  <level>END</level>
  <class>com.kms.katalon.core.logging.XmlKeywordLogger</class>
  <method>endKeyword</method>
  <thread>1</thread>
  <message>End action : click(findTestObject(\&amp;quot;insregistration/li_ALMADALLAH\&amp;quot;))</message>
  <nestedLevel>1</nestedLevel>
</record>
<record>
  <date>2019-06-10T12:39:45</date>
  <millis>1560155985842</millis>
  <sequence>592</sequence>
  <level>START</level>
  <class>com.kms.katalon.core.logging.XmlKeywordLogger</class>
  <method>startKeyword</method>
  <thread>1</thread>
  <message>Start action : click(findTestObject(\&amp;quot;insregistration/span_----Select----\&amp;quot;))</message>
  <nestedLevel>1</nestedLevel>
  <property name="startLine">131</property>
  <property name="stepIndex">56</property>
</record>
<record>
  <date>2019-06-10T12:39:46</date>
  <millis>1560155986155</millis>
  <sequence>599</sequence>
  <level>PASSED</level>
  <class>com.kms.katalon.core.logging.XmlKeywordLogger</class>
  <method>logMessage</method>
  <thread>1</thread>
  <message>Object: &amp;apos;Object Repository/insregistration/span_----Select----&amp;apos; is clicked on</message>
  <nestedLevel>1</nestedLevel>
</record>
<record>
  <date>2019-06-10T12:39:46</date>
  <millis>1560155986157</millis>
  <sequence>600</sequence>
  <level>END</level>
  <class>com.kms.katalon.core.logging.XmlKeywordLogger</class>
  <method>endKeyword</method>
  <thread>1</thread>
  <message>End action : click(findTestObject(\&amp;quot;insregistration/span_----Select----\&amp;quot;))</message>
  <nestedLevel>1</nestedLevel>
</record>
<record>
  <date>2019-06-10T12:39:46</date>
  <millis>1560155986157</millis>
  <sequence>601</sequence>
  <level>START</level>
  <class>com.kms.katalon.core.logging.XmlKeywordLogger</class>
  <method>startKeyword</method>
  <thread>1</thread>
  <message>Start action : click(findTestObject(\&amp;quot;insregistration/li_AL MADALLAH\&amp;quot;))</message>
  <nestedLevel>1</nestedLevel>
  <property name="startLine">133</property>
  <property name="stepIndex">57</property>
</record>
<record>
  <date>2019-06-10T12:40:17</date>
  <millis>1560156017022</millis>
  <sequence>606</sequence>
  <level>INFO</level>
  <class>com.kms.katalon.core.logging.XmlKeywordLogger</class>
  <method>logMessage</method>
  <thread>1</thread>
  <message>Unable to find the element located by &amp;apos;By.xpath: //div[@id=&amp;apos;insurar_sub_chosen&amp;apos;]/div/ul/li[2]&amp;apos;. Please recheck the objects properties to make sure the desired element is located. </message>
  <nestedLevel>1</nestedLevel>
</record>
<record>
  <date>2019-06-10T12:40:17</date>
  <millis>1560156017272</millis>
  <sequence>607</sequence>
  <level>FAILED</level>
  <class>com.kms.katalon.core.logging.XmlKeywordLogger</class>
  <method>logMessage</method>
  <thread>1</thread>
  <message>Unable to click on object &amp;apos;Object Repository/insregistration/li_AL MADALLAH&amp;apos;</message>
  <nestedLevel>1</nestedLevel>
  <property name="attachment">1560156017025.png</property>
</record>
<record>
  <date>2019-06-10T12:40:17</date>
  <millis>1560156017279</millis>
  <sequence>609</sequence>
  <logger>com.kms.katalon.core.logging.XmlKeywordLogger</logger>
  <level>FAILED</level>
  <class>com.kms.katalon.core.logging.XmlKeywordLogger</class>
  <method>logMessage</method>
  <thread>1</thread>
  <message>click(findTestObject(\&amp;quot;insregistration/li_AL MADALLAH\&amp;quot;)) FAILED.\nReason:\ncom.kms.katalon.core.exception.StepFailedException: Unable to click on object &amp;apos;Object Repository/insregistration/li_AL MADALLAH&amp;apos;\r\n\tat com.kms.katalon.core.keyword.internal.KeywordMain.stepFailed(KeywordMain.groovy:48)\r\n\tat com.kms.katalon.core.webui.keyword.internal.WebUIKeywordMain.stepFailed(WebUIKeywordMain.groovy:65)\r\n\tat com.kms.katalon.core.webui.keyword.internal.WebUIKeywordMain.runKeyword(WebUIKeywordMain.groovy:27)\r\n\tat com.kms.katalon.core.webui.keyword.builtin.ClickKeyword.click(ClickKeyword.groovy:86)\r\n\tat com.kms.katalon.core.webui.keyword.builtin.ClickKeyword.execute(ClickKeyword.groovy:67)\r\n\tat com.kms.katalon.core.keyword.internal.KeywordExecutor.executeKeywordForPlatform(KeywordExecutor.groovy:56)\r\n\tat com.kms.katalon.core.webui.keyword.WebUiBuiltInKeywords.click(WebUiBuiltInKeywords.groovy:616)\r\n\tat com.kms.katalon.core.webui.keyword.WebUiBuiltInKeywords$click$2.call(Unknown Source)\r\n\tat insregistration.run(insregistration:133)\r\n\tat com.kms.katalon.core.main.ScriptEngine.run(ScriptEngine.java:194)\r\n\tat com.kms.katalon.core.main.ScriptEngine.runScriptAsRawText(ScriptEngine.java:119)\r\n\tat com.kms.katalon.core.main.TestCaseExecutor.runScript(TestCaseExecutor.java:331)\r\n\tat com.kms.katalon.core.main.TestCaseExecutor.doExecute(TestCaseExecutor.java:322)\r\n\tat com.kms.katalon.core.main.TestCaseExecutor.processExecutionPhase(TestCaseExecutor.java:301)\r\n\tat com.kms.katalon.core.main.TestCaseExecutor.accessMainPhase(TestCaseExecutor.java:293)\r\n\tat com.kms.katalon.core.main.TestCaseExecutor.execute(TestCaseExecutor.java:227)\r\n\tat com.kms.katalon.core.main.TestSuiteExecutor.accessTestCaseMainPhase(TestSuiteExecutor.java:129)\r\n\tat com.kms.katalon.core.main.TestSuiteExecutor.accessTestSuiteMainPhase(TestSuiteExecutor.java:112)\r\n\tat com.kms.katalon.core.main.TestSuiteExecutor.execute(TestSuiteExecutor.java:81)\r\n\tat com.kms.katalon.core.main.TestCaseMain.startTestSuite(TestCaseMain.java:157)\r\n\tat com.kms.katalon.core.main.TestCaseMain$startTestSuite$0.call(Unknown Source)\r\n\tat TempTestSuite1560155944276.run(TempTestSuite1560155944276.groovy:35)\r\n</message>
  <exception>
    <message>com.kms.katalon.core.exception.StepFailedException: Unable to click on object 'Object Repository/insregistration/li_AL MADALLAH'</message>
    <frame>
      <class>com.kms.katalon.core.keyword.internal.KeywordMain</class>
      <method>stepFailed</method>
      <line>48</line>
    </frame>
    <frame>
      <class>com.kms.katalon.core.webui.keyword.internal.WebUIKeywordMain</class>
      <method>stepFailed</method>
      <line>65</line>
    </frame>
    <frame>
      <class>com.kms.katalon.core.webui.keyword.internal.WebUIKeywordMain</class>
      <method>runKeyword</method>
      <line>27</line>
    </frame>
    <frame>
      <class>com.kms.katalon.core.webui.keyword.builtin.ClickKeyword</class>
      <method>click</method>
      <line>86</line>
    </frame>
    <frame>
      <class>com.kms.katalon.core.webui.keyword.builtin.ClickKeyword</class>
      <method>execute</method>
      <line>67</line>
    </frame>
    <frame>
      <class>com.kms.katalon.core.keyword.internal.KeywordExecutor</class>
      <method>executeKeywordForPlatform</method>
      <line>56</line>
    </frame>
    <frame>
      <class>com.kms.katalon.core.webui.keyword.WebUiBuiltInKeywords</class>
      <method>click</method>
      <line>616</line>
    </frame>
    <frame>
      <class>com.kms.katalon.core.webui.keyword.WebUiBuiltInKeywords$click$2</class>
      <method>call</method>
    </frame>
    <frame>
      <class>insregistration</class>
      <method>run</method>
      <line>133</line>
    </frame>
    <frame>
      <class>com.kms.katalon.core.main.ScriptEngine</class>
      <method>run</method>
      <line>194</line>
    </frame>
    <frame>
      <class>com.kms.katalon.core.main.ScriptEngine</class>
      <method>runScriptAsRawText</method>
      <line>119</line>
    </frame>
    <frame>
      <class>com.kms.katalon.core.main.TestCaseExecutor</class>
      <method>runScript</method>
      <line>331</line>
    </frame>
    <frame>
      <class>com.kms.katalon.core.main.TestCaseExecutor</class>
      <method>doExecute</method>
      <line>322</line>
    </frame>
    <frame>
      <class>com.kms.katalon.core.main.TestCaseExecutor</class>
      <method>processExecutionPhase</method>
      <line>301</line>
    </frame>
    <frame>
      <class>com.kms.katalon.core.main.TestCaseExecutor</class>
      <method>accessMainPhase</method>
      <line>293</line>
    </frame>
    <frame>
      <class>com.kms.katalon.core.main.TestCaseExecutor</class>
      <method>execute</method>
      <line>227</line>
    </frame>
    <frame>
      <class>com.kms.katalon.core.main.TestSuiteExecutor</class>
      <method>accessTestCaseMainPhase</method>
      <line>129</line>
    </frame>
    <frame>
      <class>com.kms.katalon.core.main.TestSuiteExecutor</class>
      <method>accessTestSuiteMainPhase</method>
      <line>112</line>
    </frame>
    <frame>
      <class>com.kms.katalon.core.main.TestSuiteExecutor</class>
      <method>execute</method>
      <line>81</line>
    </frame>
    <frame>
      <class>com.kms.katalon.core.main.TestCaseMain</class>
      <method>startTestSuite</method>
      <line>157</line>
    </frame>
    <frame>
      <class>com.kms.katalon.core.main.TestCaseMain$startTestSuite$0</class>
      <method>call</method>
    </frame>
    <frame>
      <class>TempTestSuite1560155944276</class>
      <method>run</method>
      <line>35</line>
    </frame>
  </exception>
  <nestedLevel>0</nestedLevel>
</record>
<record>
  <date>2019-06-10T12:40:17</date>
  <millis>1560156017280</millis>
  <sequence>610</sequence>
  <level>END</level>
  <class>com.kms.katalon.core.logging.XmlKeywordLogger</class>
  <method>endKeyword</method>
  <thread>1</thread>
  <message>End action : click(findTestObject(\&amp;quot;insregistration/li_AL MADALLAH\&amp;quot;))</message>
  <nestedLevel>1</nestedLevel>
</record>
<record>
  <date>2019-06-10T12:40:17</date>
  <millis>1560156017281</millis>
  <sequence>612</sequence>
  <logger>com.kms.katalon.core.logging.XmlKeywordLogger</logger>
  <level>FAILED</level>
  <class>com.kms.katalon.core.logging.XmlKeywordLogger</class>
  <method>logMessage</method>
  <thread>1</thread>
  <message>Test Cases/insregistration FAILED.\nReason:\ncom.kms.katalon.core.exception.StepFailedException: Unable to click on object &amp;apos;Object Repository/insregistration/li_AL MADALLAH&amp;apos;\r\n\tat com.kms.katalon.core.keyword.internal.KeywordMain.stepFailed(KeywordMain.groovy:48)\r\n\tat com.kms.katalon.core.webui.keyword.internal.WebUIKeywordMain.stepFailed(WebUIKeywordMain.groovy:65)\r\n\tat com.kms.katalon.core.webui.keyword.internal.WebUIKeywordMain.runKeyword(WebUIKeywordMain.groovy:27)\r\n\tat com.kms.katalon.core.webui.keyword.builtin.ClickKeyword.click(ClickKeyword.groovy:86)\r\n\tat com.kms.katalon.core.webui.keyword.builtin.ClickKeyword.execute(ClickKeyword.groovy:67)\r\n\tat com.kms.katalon.core.keyword.internal.KeywordExecutor.executeKeywordForPlatform(KeywordExecutor.groovy:56)\r\n\tat com.kms.katalon.core.webui.keyword.WebUiBuiltInKeywords.click(WebUiBuiltInKeywords.groovy:616)\r\n\tat com.kms.katalon.core.webui.keyword.WebUiBuiltInKeywords$click$2.call(Unknown Source)\r\n\tat insregistration.run(insregistration:133)\r\n\tat com.kms.katalon.core.main.ScriptEngine.run(ScriptEngine.java:194)\r\n\tat com.kms.katalon.core.main.ScriptEngine.runScriptAsRawText(ScriptEngine.java:119)\r\n\tat com.kms.katalon.core.main.TestCaseExecutor.runScript(TestCaseExecutor.java:331)\r\n\tat com.kms.katalon.core.main.TestCaseExecutor.doExecute(TestCaseExecutor.java:322)\r\n\tat com.kms.katalon.core.main.TestCaseExecutor.processExecutionPhase(TestCaseExecutor.java:301)\r\n\tat com.kms.katalon.core.main.TestCaseExecutor.accessMainPhase(TestCaseExecutor.java:293)\r\n\tat com.kms.katalon.core.main.TestCaseExecutor.execute(TestCaseExecutor.java:227)\r\n\tat com.kms.katalon.core.main.TestSuiteExecutor.accessTestCaseMainPhase(TestSuiteExecutor.java:129)\r\n\tat com.kms.katalon.core.main.TestSuiteExecutor.accessTestSuiteMainPhase(TestSuiteExecutor.java:112)\r\n\tat com.kms.katalon.core.main.TestSuiteExecutor.execute(TestSuiteExecutor.java:81)\r\n\tat com.kms.katalon.core.main.TestCaseMain.startTestSuite(TestCaseMain.java:157)\r\n\tat com.kms.katalon.core.main.TestCaseMain$startTestSuite$0.call(Unknown Source)\r\n\tat TempTestSuite1560155944276.run(TempTestSuite1560155944276.groovy:35)\r\n</message>
  <exception>
    <message>com.kms.katalon.core.exception.StepFailedException: Unable to click on object 'Object Repository/insregistration/li_AL MADALLAH'</message>
    <frame>
      <class>com.kms.katalon.core.keyword.internal.KeywordMain</class>
      <method>stepFailed</method>
      <line>48</line>
    </frame>
    <frame>
      <class>com.kms.katalon.core.webui.keyword.internal.WebUIKeywordMain</class>
      <method>stepFailed</method>
      <line>65</line>
    </frame>
    <frame>
      <class>com.kms.katalon.core.webui.keyword.internal.WebUIKeywordMain</class>
      <method>runKeyword</method>
      <line>27</line>
    </frame>
    <frame>
      <class>com.kms.katalon.core.webui.keyword.builtin.ClickKeyword</class>
      <method>click</method>
      <line>86</line>
    </frame>
    <frame>
      <class>com.kms.katalon.core.webui.keyword.builtin.ClickKeyword</class>
      <method>execute</method>
      <line>67</line>
    </frame>
    <frame>
      <class>com.kms.katalon.core.keyword.internal.KeywordExecutor</class>
      <method>executeKeywordForPlatform</method>
      <line>56</line>
    </frame>
    <frame>
      <class>com.kms.katalon.core.webui.keyword.WebUiBuiltInKeywords</class>
      <method>click</method>
      <line>616</line>
    </frame>
    <frame>
      <class>com.kms.katalon.core.webui.keyword.WebUiBuiltInKeywords$click$2</class>
      <method>call</method>
    </frame>
    <frame>
      <class>insregistration</class>
      <method>run</method>
      <line>133</line>
    </frame>
    <frame>
      <class>com.kms.katalon.core.main.ScriptEngine</class>
      <method>run</method>
      <line>194</line>
    </frame>
    <frame>
      <class>com.kms.katalon.core.main.ScriptEngine</class>
      <method>runScriptAsRawText</method>
      <line>119</line>
    </frame>
    <frame>
      <class>com.kms.katalon.core.main.TestCaseExecutor</class>
      <method>runScript</method>
      <line>331</line>
    </frame>
    <frame>
      <class>com.kms.katalon.core.main.TestCaseExecutor</class>
      <method>doExecute</method>
      <line>322</line>
    </frame>
    <frame>
      <class>com.kms.katalon.core.main.TestCaseExecutor</class>
      <method>processExecutionPhase</method>
      <line>301</line>
    </frame>
    <frame>
      <class>com.kms.katalon.core.main.TestCaseExecutor</class>
      <method>accessMainPhase</method>
      <line>293</line>
    </frame>
    <frame>
      <class>com.kms.katalon.core.main.TestCaseExecutor</class>
      <method>execute</method>
      <line>227</line>
    </frame>
    <frame>
      <class>com.kms.katalon.core.main.TestSuiteExecutor</class>
      <method>accessTestCaseMainPhase</method>
      <line>129</line>
    </frame>
    <frame>
      <class>com.kms.katalon.core.main.TestSuiteExecutor</class>
      <method>accessTestSuiteMainPhase</method>
      <line>112</line>
    </frame>
    <frame>
      <class>com.kms.katalon.core.main.TestSuiteExecutor</class>
      <method>execute</method>
      <line>81</line>
    </frame>
    <frame>
      <class>com.kms.katalon.core.main.TestCaseMain</class>
      <method>startTestSuite</method>
      <line>157</line>
    </frame>
    <frame>
      <class>com.kms.katalon.core.main.TestCaseMain$startTestSuite$0</class>
      <method>call</method>
    </frame>
    <frame>
      <class>TempTestSuite1560155944276</class>
      <method>run</method>
      <line>35</line>
    </frame>
  </exception>
  <nestedLevel>0</nestedLevel>
</record>
<record>
  <date>2019-06-10T12:40:17</date>
  <millis>1560156017282</millis>
  <sequence>613</sequence>
  <level>END</level>
  <class>com.kms.katalon.core.logging.XmlKeywordLogger</class>
  <method>endTest</method>
  <thread>1</thread>
  <message>End Test Case : Test Cases/insregistration</message>
  <nestedLevel>0</nestedLevel>
</record>
<record>
  <date>2019-06-10T12:40:20</date>
  <millis>1560156020044</millis>
  <sequence>614</sequence>
  <level>END</level>
  <class>com.kms.katalon.core.logging.XmlKeywordLogger</class>
  <method>endSuite</method>
  <thread>1</thread>
  <message>End Test Suite : Test Suites/insregistration</message>
  <nestedLevel>0</nestedLevel>
</record>
</log>
